{"total": {"lines":{"total":1457,"covered":146,"skipped":0,"pct":10.02},"statements":{"total":1515,"covered":149,"skipped":0,"pct":9.83},"functions":{"total":385,"covered":34,"skipped":0,"pct":8.83},"branches":{"total":477,"covered":29,"skipped":0,"pct":6.07},"branchesTrue":{"total":0,"covered":0,"skipped":0,"pct":100}}
,"/home/pedrocampos/Documentos/github/2023.1-Amis-Front-Anterior/src/routes.tsx": {"lines":{"total":6,"covered":0,"skipped":0,"pct":0},"functions":{"total":2,"covered":0,"skipped":0,"pct":0},"statements":{"total":6,"covered":0,"skipped":0,"pct":0},"branches":{"total":4,"covered":0,"skipped":0,"pct":0}}
,"/home/pedrocampos/Documentos/github/2023.1-Amis-Front-Anterior/src/context/AuthProvider.tsx": {"lines":{"total":23,"covered":2,"skipped":0,"pct":8.69},"functions":{"total":6,"covered":0,"skipped":0,"pct":0},"statements":{"total":24,"covered":2,"skipped":0,"pct":8.33},"branches":{"total":2,"covered":0,"skipped":0,"pct":0}}
,"/home/pedrocampos/Documentos/github/2023.1-Amis-Front-Anterior/src/pages/alunas/alunas.tsx": {"lines":{"total":156,"covered":0,"skipped":0,"pct":0},"functions":{"total":24,"covered":0,"skipped":0,"pct":0},"statements":{"total":162,"covered":0,"skipped":0,"pct":0},"branches":{"total":58,"covered":0,"skipped":0,"pct":0}}
,"/home/pedrocampos/Documentos/github/2023.1-Amis-Front-Anterior/src/pages/alunas/tests/alunas.mock.ts": {"lines":{"total":10,"covered":0,"skipped":0,"pct":0},"functions":{"total":3,"covered":0,"skipped":0,"pct":0},"statements":{"total":11,"covered":0,"skipped":0,"pct":0},"branches":{"total":4,"covered":0,"skipped":0,"pct":0}}
,"/home/pedrocampos/Documentos/github/2023.1-Amis-Front-Anterior/src/pages/assistentes/assistentes.tsx": {"lines":{"total":143,"covered":0,"skipped":0,"pct":0},"functions":{"total":23,"covered":0,"skipped":0,"pct":0},"statements":{"total":148,"covered":0,"skipped":0,"pct":0},"branches":{"total":54,"covered":0,"skipped":0,"pct":0}}
,"/home/pedrocampos/Documentos/github/2023.1-Amis-Front-Anterior/src/pages/assistentes/tests/assistentes.mock.tsx": {"lines":{"total":5,"covered":0,"skipped":0,"pct":0},"functions":{"total":2,"covered":0,"skipped":0,"pct":0},"statements":{"total":6,"covered":0,"skipped":0,"pct":0},"branches":{"total":0,"covered":0,"skipped":0,"pct":100}}
,"/home/pedrocampos/Documentos/github/2023.1-Amis-Front-Anterior/src/pages/cadastroInstrucao/instrucao.tsx": {"lines":{"total":29,"covered":0,"skipped":0,"pct":0},"functions":{"total":7,"covered":0,"skipped":0,"pct":0},"statements":{"total":33,"covered":0,"skipped":0,"pct":0},"branches":{"total":2,"covered":0,"skipped":0,"pct":0}}
,"/home/pedrocampos/Documentos/github/2023.1-Amis-Front-Anterior/src/pages/cadastroInstrucao/item.tsx": {"lines":{"total":6,"covered":0,"skipped":0,"pct":0},"functions":{"total":3,"covered":0,"skipped":0,"pct":0},"statements":{"total":6,"covered":0,"skipped":0,"pct":0},"branches":{"total":2,"covered":0,"skipped":0,"pct":0}}
,"/home/pedrocampos/Documentos/github/2023.1-Amis-Front-Anterior/src/pages/cadastroInstrucao/visualizarInstrucao.tsx": {"lines":{"total":13,"covered":0,"skipped":0,"pct":0},"functions":{"total":4,"covered":0,"skipped":0,"pct":0},"statements":{"total":13,"covered":0,"skipped":0,"pct":0},"branches":{"total":0,"covered":0,"skipped":0,"pct":100}}
,"/home/pedrocampos/Documentos/github/2023.1-Amis-Front-Anterior/src/pages/cadastroInstrucao/tests/instrucoes.mock.tsx": {"lines":{"total":8,"covered":0,"skipped":0,"pct":0},"functions":{"total":4,"covered":0,"skipped":0,"pct":0},"statements":{"total":9,"covered":0,"skipped":0,"pct":0},"branches":{"total":0,"covered":0,"skipped":0,"pct":100}}
,"/home/pedrocampos/Documentos/github/2023.1-Amis-Front-Anterior/src/pages/centroProdutivo/centroProdutivo.tsx": {"lines":{"total":127,"covered":63,"skipped":0,"pct":49.6},"functions":{"total":27,"covered":13,"skipped":0,"pct":48.14},"statements":{"total":131,"covered":66,"skipped":0,"pct":50.38},"branches":{"total":52,"covered":5,"skipped":0,"pct":9.61}}
,"/home/pedrocampos/Documentos/github/2023.1-Amis-Front-Anterior/src/pages/centroProdutivo/tests/centro.mock.tsx": {"lines":{"total":7,"covered":5,"skipped":0,"pct":71.42},"functions":{"total":4,"covered":0,"skipped":0,"pct":0},"statements":{"total":9,"covered":5,"skipped":0,"pct":55.55},"branches":{"total":0,"covered":0,"skipped":0,"pct":100}}
,"/home/pedrocampos/Documentos/github/2023.1-Amis-Front-Anterior/src/pages/curso/cursos.tsx": {"lines":{"total":67,"covered":0,"skipped":0,"pct":0},"functions":{"total":17,"covered":0,"skipped":0,"pct":0},"statements":{"total":71,"covered":0,"skipped":0,"pct":0},"branches":{"total":10,"covered":0,"skipped":0,"pct":0}}
,"/home/pedrocampos/Documentos/github/2023.1-Amis-Front-Anterior/src/pages/curso/tests/cursos.mock.tsx": {"lines":{"total":7,"covered":0,"skipped":0,"pct":0},"functions":{"total":4,"covered":0,"skipped":0,"pct":0},"statements":{"total":9,"covered":0,"skipped":0,"pct":0},"branches":{"total":0,"covered":0,"skipped":0,"pct":100}}
,"/home/pedrocampos/Documentos/github/2023.1-Amis-Front-Anterior/src/pages/home/home.tsx": {"lines":{"total":21,"covered":0,"skipped":0,"pct":0},"functions":{"total":8,"covered":0,"skipped":0,"pct":0},"statements":{"total":21,"covered":0,"skipped":0,"pct":0},"branches":{"total":0,"covered":0,"skipped":0,"pct":100}}
,"/home/pedrocampos/Documentos/github/2023.1-Amis-Front-Anterior/src/pages/login/login.tsx": {"lines":{"total":31,"covered":0,"skipped":0,"pct":0},"functions":{"total":7,"covered":0,"skipped":0,"pct":0},"statements":{"total":32,"covered":0,"skipped":0,"pct":0},"branches":{"total":8,"covered":0,"skipped":0,"pct":0}}
,"/home/pedrocampos/Documentos/github/2023.1-Amis-Front-Anterior/src/pages/professores/professores.tsx": {"lines":{"total":152,"covered":0,"skipped":0,"pct":0},"functions":{"total":25,"covered":0,"skipped":0,"pct":0},"statements":{"total":158,"covered":0,"skipped":0,"pct":0},"branches":{"total":54,"covered":0,"skipped":0,"pct":0}}
,"/home/pedrocampos/Documentos/github/2023.1-Amis-Front-Anterior/src/pages/professores/tests/professores.mock.ts": {"lines":{"total":5,"covered":0,"skipped":0,"pct":0},"functions":{"total":2,"covered":0,"skipped":0,"pct":0},"statements":{"total":6,"covered":0,"skipped":0,"pct":0},"branches":{"total":0,"covered":0,"skipped":0,"pct":100}}
,"/home/pedrocampos/Documentos/github/2023.1-Amis-Front-Anterior/src/pages/receitas/receitas.tsx": {"lines":{"total":71,"covered":0,"skipped":0,"pct":0},"functions":{"total":26,"covered":0,"skipped":0,"pct":0},"statements":{"total":73,"covered":0,"skipped":0,"pct":0},"branches":{"total":10,"covered":0,"skipped":0,"pct":0}}
,"/home/pedrocampos/Documentos/github/2023.1-Amis-Front-Anterior/src/pages/receitas/receitasInstrucao.tsx": {"lines":{"total":27,"covered":0,"skipped":0,"pct":0},"functions":{"total":9,"covered":0,"skipped":0,"pct":0},"statements":{"total":27,"covered":0,"skipped":0,"pct":0},"branches":{"total":8,"covered":0,"skipped":0,"pct":0}}
,"/home/pedrocampos/Documentos/github/2023.1-Amis-Front-Anterior/src/pages/turmas/turmas.tsx": {"lines":{"total":168,"covered":0,"skipped":0,"pct":0},"functions":{"total":38,"covered":0,"skipped":0,"pct":0},"statements":{"total":175,"covered":0,"skipped":0,"pct":0},"branches":{"total":53,"covered":0,"skipped":0,"pct":0}}
,"/home/pedrocampos/Documentos/github/2023.1-Amis-Front-Anterior/src/pages/turmas/tests/turmas.mock.tsx": {"lines":{"total":7,"covered":0,"skipped":0,"pct":0},"functions":{"total":4,"covered":0,"skipped":0,"pct":0},"statements":{"total":9,"covered":0,"skipped":0,"pct":0},"branches":{"total":0,"covered":0,"skipped":0,"pct":100}}
,"/home/pedrocampos/Documentos/github/2023.1-Amis-Front-Anterior/src/services/alunas.tsx": {"lines":{"total":20,"covered":0,"skipped":0,"pct":0},"functions":{"total":8,"covered":0,"skipped":0,"pct":0},"statements":{"total":20,"covered":0,"skipped":0,"pct":0},"branches":{"total":4,"covered":0,"skipped":0,"pct":0}}
,"/home/pedrocampos/Documentos/github/2023.1-Amis-Front-Anterior/src/services/api.tsx": {"lines":{"total":10,"covered":10,"skipped":0,"pct":100},"functions":{"total":1,"covered":1,"skipped":0,"pct":100},"statements":{"total":10,"covered":10,"skipped":0,"pct":100},"branches":{"total":0,"covered":0,"skipped":0,"pct":100}}
,"/home/pedrocampos/Documentos/github/2023.1-Amis-Front-Anterior/src/services/assistentes.tsx": {"lines":{"total":17,"covered":0,"skipped":0,"pct":0},"functions":{"total":10,"covered":0,"skipped":0,"pct":0},"statements":{"total":17,"covered":0,"skipped":0,"pct":0},"branches":{"total":0,"covered":0,"skipped":0,"pct":100}}
,"/home/pedrocampos/Documentos/github/2023.1-Amis-Front-Anterior/src/services/auth.tsx": {"lines":{"total":17,"covered":5,"skipped":0,"pct":29.41},"functions":{"total":3,"covered":1,"skipped":0,"pct":33.33},"statements":{"total":17,"covered":5,"skipped":0,"pct":29.41},"branches":{"total":4,"covered":1,"skipped":0,"pct":25}}
,"/home/pedrocampos/Documentos/github/2023.1-Amis-Front-Anterior/src/services/centroProdutivo.tsx": {"lines":{"total":20,"covered":7,"skipped":0,"pct":35},"functions":{"total":15,"covered":2,"skipped":0,"pct":13.33},"statements":{"total":20,"covered":7,"skipped":0,"pct":35},"branches":{"total":0,"covered":0,"skipped":0,"pct":100}}
,"/home/pedrocampos/Documentos/github/2023.1-Amis-Front-Anterior/src/services/cursos.tsx": {"lines":{"total":16,"covered":0,"skipped":0,"pct":0},"functions":{"total":12,"covered":0,"skipped":0,"pct":0},"statements":{"total":16,"covered":0,"skipped":0,"pct":0},"branches":{"total":0,"covered":0,"skipped":0,"pct":100}}
,"/home/pedrocampos/Documentos/github/2023.1-Amis-Front-Anterior/src/services/instrucoes.tsx": {"lines":{"total":8,"covered":0,"skipped":0,"pct":0},"functions":{"total":6,"covered":0,"skipped":0,"pct":0},"statements":{"total":8,"covered":0,"skipped":0,"pct":0},"branches":{"total":0,"covered":0,"skipped":0,"pct":100}}
,"/home/pedrocampos/Documentos/github/2023.1-Amis-Front-Anterior/src/services/professores.tsx": {"lines":{"total":14,"covered":0,"skipped":0,"pct":0},"functions":{"total":7,"covered":0,"skipped":0,"pct":0},"statements":{"total":15,"covered":0,"skipped":0,"pct":0},"branches":{"total":0,"covered":0,"skipped":0,"pct":100}}
,"/home/pedrocampos/Documentos/github/2023.1-Amis-Front-Anterior/src/services/queryClient.tsx": {"lines":{"total":1,"covered":1,"skipped":0,"pct":100},"functions":{"total":0,"covered":0,"skipped":0,"pct":100},"statements":{"total":1,"covered":1,"skipped":0,"pct":100},"branches":{"total":0,"covered":0,"skipped":0,"pct":100}}
,"/home/pedrocampos/Documentos/github/2023.1-Amis-Front-Anterior/src/services/turmas.tsx": {"lines":{"total":37,"covered":0,"skipped":0,"pct":0},"functions":{"total":20,"covered":0,"skipped":0,"pct":0},"statements":{"total":40,"covered":0,"skipped":0,"pct":0},"branches":{"total":6,"covered":0,"skipped":0,"pct":0}}
,"/home/pedrocampos/Documentos/github/2023.1-Amis-Front-Anterior/src/shared/components/ButtonAgendar/ButtonAgendar.tsx": {"lines":{"total":4,"covered":4,"skipped":0,"pct":100},"functions":{"total":3,"covered":3,"skipped":0,"pct":100},"statements":{"total":4,"covered":4,"skipped":0,"pct":100},"branches":{"total":0,"covered":0,"skipped":0,"pct":100}}
,"/home/pedrocampos/Documentos/github/2023.1-Amis-Front-Anterior/src/shared/components/Footer/footer.tsx": {"lines":{"total":6,"covered":0,"skipped":0,"pct":0},"functions":{"total":3,"covered":0,"skipped":0,"pct":0},"statements":{"total":6,"covered":0,"skipped":0,"pct":0},"branches":{"total":0,"covered":0,"skipped":0,"pct":100}}
,"/home/pedrocampos/Documentos/github/2023.1-Amis-Front-Anterior/src/shared/components/InputButtons/AddButton.tsx": {"lines":{"total":2,"covered":0,"skipped":0,"pct":0},"functions":{"total":1,"covered":0,"skipped":0,"pct":0},"statements":{"total":2,"covered":0,"skipped":0,"pct":0},"branches":{"total":0,"covered":0,"skipped":0,"pct":100}}
,"/home/pedrocampos/Documentos/github/2023.1-Amis-Front-Anterior/src/shared/components/Masks/ValueMask.tsx": {"lines":{"total":49,"covered":20,"skipped":0,"pct":40.81},"functions":{"total":3,"covered":3,"skipped":0,"pct":100},"statements":{"total":49,"covered":20,"skipped":0,"pct":40.81},"branches":{"total":60,"covered":12,"skipped":0,"pct":20}}
,"/home/pedrocampos/Documentos/github/2023.1-Amis-Front-Anterior/src/shared/components/Navbar/navbar.tsx": {"lines":{"total":15,"covered":0,"skipped":0,"pct":0},"functions":{"total":8,"covered":0,"skipped":0,"pct":0},"statements":{"total":16,"covered":0,"skipped":0,"pct":0},"branches":{"total":6,"covered":0,"skipped":0,"pct":0}}
,"/home/pedrocampos/Documentos/github/2023.1-Amis-Front-Anterior/src/shared/components/NavbarLogada/navbarLogada.tsx": {"lines":{"total":12,"covered":12,"skipped":0,"pct":100},"functions":{"total":5,"covered":5,"skipped":0,"pct":100},"statements":{"total":12,"covered":12,"skipped":0,"pct":100},"branches":{"total":0,"covered":0,"skipped":0,"pct":100}}
,"/home/pedrocampos/Documentos/github/2023.1-Amis-Front-Anterior/src/shared/components/PrimaryButton/PrimaryButton.tsx": {"lines":{"total":4,"covered":4,"skipped":0,"pct":100},"functions":{"total":3,"covered":3,"skipped":0,"pct":100},"statements":{"total":4,"covered":4,"skipped":0,"pct":100},"branches":{"total":0,"covered":0,"skipped":0,"pct":100}}
,"/home/pedrocampos/Documentos/github/2023.1-Amis-Front-Anterior/src/shared/components/Sidebar/sidebar.tsx": {"lines":{"total":18,"covered":11,"skipped":0,"pct":61.11},"functions":{"total":8,"covered":2,"skipped":0,"pct":25},"statements":{"total":19,"covered":11,"skipped":0,"pct":57.89},"branches":{"total":30,"covered":11,"skipped":0,"pct":36.66}}
,"/home/pedrocampos/Documentos/github/2023.1-Amis-Front-Anterior/src/shared/components/Style/style.tsx": {"lines":{"total":13,"covered":0,"skipped":0,"pct":0},"functions":{"total":7,"covered":0,"skipped":0,"pct":0},"statements":{"total":13,"covered":0,"skipped":0,"pct":0},"branches":{"total":0,"covered":0,"skipped":0,"pct":100}}
,"/home/pedrocampos/Documentos/github/2023.1-Amis-Front-Anterior/src/shared/components/TablePagination/tablePagination.tsx": {"lines":{"total":1,"covered":1,"skipped":0,"pct":100},"functions":{"total":1,"covered":1,"skipped":0,"pct":100},"statements":{"total":1,"covered":1,"skipped":0,"pct":100},"branches":{"total":0,"covered":0,"skipped":0,"pct":100}}
,"/home/pedrocampos/Documentos/github/2023.1-Amis-Front-Anterior/src/shared/components/Title/Title.tsx": {"lines":{"total":4,"covered":0,"skipped":0,"pct":0},"functions":{"total":3,"covered":0,"skipped":0,"pct":0},"statements":{"total":4,"covered":0,"skipped":0,"pct":0},"branches":{"total":0,"covered":0,"skipped":0,"pct":100}}
,"/home/pedrocampos/Documentos/github/2023.1-Amis-Front-Anterior/src/shared/validations/removeSpecialCharacters.tsx": {"lines":{"total":3,"covered":0,"skipped":0,"pct":0},"functions":{"total":1,"covered":0,"skipped":0,"pct":0},"statements":{"total":3,"covered":0,"skipped":0,"pct":0},"branches":{"total":4,"covered":0,"skipped":0,"pct":0}}
,"/home/pedrocampos/Documentos/github/2023.1-Amis-Front-Anterior/src/shared/validations/validarCPF.tsx": {"lines":{"total":29,"covered":0,"skipped":0,"pct":0},"functions":{"total":2,"covered":0,"skipped":0,"pct":0},"statements":{"total":31,"covered":0,"skipped":0,"pct":0},"branches":{"total":18,"covered":0,"skipped":0,"pct":0}}
,"/home/pedrocampos/Documentos/github/2023.1-Amis-Front-Anterior/src/shared/validations/validarDataNascimento.tsx": {"lines":{"total":26,"covered":0,"skipped":0,"pct":0},"functions":{"total":2,"covered":0,"skipped":0,"pct":0},"statements":{"total":26,"covered":0,"skipped":0,"pct":0},"branches":{"total":16,"covered":0,"skipped":0,"pct":0}}
,"/home/pedrocampos/Documentos/github/2023.1-Amis-Front-Anterior/src/shared/validations/validarEmail.tsx": {"lines":{"total":6,"covered":0,"skipped":0,"pct":0},"functions":{"total":1,"covered":0,"skipped":0,"pct":0},"statements":{"total":6,"covered":0,"skipped":0,"pct":0},"branches":{"total":2,"covered":0,"skipped":0,"pct":0}}
,"/home/pedrocampos/Documentos/github/2023.1-Amis-Front-Anterior/src/shared/validations/validarLogin.tsx": {"lines":{"total":5,"covered":0,"skipped":0,"pct":0},"functions":{"total":1,"covered":0,"skipped":0,"pct":0},"statements":{"total":5,"covered":0,"skipped":0,"pct":0},"branches":{"total":2,"covered":0,"skipped":0,"pct":0}}
,"/home/pedrocampos/Documentos/github/2023.1-Amis-Front-Anterior/src/shared/validations/validarNome.tsx": {"lines":{"total":5,"covered":0,"skipped":0,"pct":0},"functions":{"total":1,"covered":0,"skipped":0,"pct":0},"statements":{"total":5,"covered":0,"skipped":0,"pct":0},"branches":{"total":2,"covered":0,"skipped":0,"pct":0}}
,"/home/pedrocampos/Documentos/github/2023.1-Amis-Front-Anterior/src/shared/validations/validarSenha.tsx": {"lines":{"total":5,"covered":0,"skipped":0,"pct":0},"functions":{"total":1,"covered":0,"skipped":0,"pct":0},"statements":{"total":5,"covered":0,"skipped":0,"pct":0},"branches":{"total":2,"covered":0,"skipped":0,"pct":0}}
,"/home/pedrocampos/Documentos/github/2023.1-Amis-Front-Anterior/src/styles/theme.ts": {"lines":{"total":1,"covered":1,"skipped":0,"pct":100},"functions":{"total":0,"covered":0,"skipped":0,"pct":100},"statements":{"total":1,"covered":1,"skipped":0,"pct":100},"branches":{"total":0,"covered":0,"skipped":0,"pct":100}}
}
