{"/Users/joaopedro/UnB/EPS/2022.2-Amis-Front/src/shared/components/Title/Title.tsx": {"path":"/Users/joaopedro/UnB/EPS/2022.2-Amis-Front/src/shared/components/Title/Title.tsx","statementMap":{"0":{"start":{"line":8,"column":14},"end":{"line":12,"column":1}},"1":{"start":{"line":9,"column":26},"end":{"line":9,"column":47}},"2":{"start":{"line":10,"column":28},"end":{"line":10,"column":44}},"3":{"start":{"line":11,"column":22},"end":{"line":11,"column":48}}},"fnMap":{"0":{"name":"(anonymous_0)","decl":{"start":{"line":9,"column":15},"end":{"line":9,"column":16}},"loc":{"start":{"line":9,"column":26},"end":{"line":9,"column":47}},"line":9},"1":{"name":"(anonymous_1)","decl":{"start":{"line":10,"column":17},"end":{"line":10,"column":18}},"loc":{"start":{"line":10,"column":28},"end":{"line":10,"column":44}},"line":10},"2":{"name":"(anonymous_2)","decl":{"start":{"line":11,"column":11},"end":{"line":11,"column":12}},"loc":{"start":{"line":11,"column":22},"end":{"line":11,"column":48}},"line":11}},"branchMap":{},"s":{"0":1,"1":1,"2":1,"3":1},"f":{"0":1,"1":1,"2":1},"b":{},"_coverageSchema":"1a1c01bbd47fc00a2c39e90264f33305004495a9","hash":"0f010ecf0ce2b81ef6e7923bedc889f95e89eca3"}
,"/Users/joaopedro/UnB/EPS/2022.2-Amis-Front/src/styles/theme.ts": {"path":"/Users/joaopedro/UnB/EPS/2022.2-Amis-Front/src/styles/theme.ts","statementMap":{"0":{"start":{"line":1,"column":14},"end":{"line":10,"column":1}}},"fnMap":{},"branchMap":{},"s":{"0":1},"f":{},"b":{},"_coverageSchema":"1a1c01bbd47fc00a2c39e90264f33305004495a9","hash":"eeb0b50e6e05d4d15d4c85b23208671a6f8a38da"}
}
