{"total": {"lines":{"total":867,"covered":124,"skipped":0,"pct":14.3},"statements":{"total":899,"covered":125,"skipped":0,"pct":13.9},"functions":{"total":246,"covered":22,"skipped":0,"pct":8.94},"branches":{"total":280,"covered":5,"skipped":0,"pct":1.78},"branchesTrue":{"total":0,"covered":0,"skipped":0,"pct":100}}
,"/home/pedrocampos/Documentos/github/2023.1-Amis-Front/src/routes.tsx": {"lines":{"total":7,"covered":2,"skipped":0,"pct":28.57},"functions":{"total":2,"covered":1,"skipped":0,"pct":50},"statements":{"total":7,"covered":2,"skipped":0,"pct":28.57},"branches":{"total":4,"covered":0,"skipped":0,"pct":0}}
,"/home/pedrocampos/Documentos/github/2023.1-Amis-Front/src/context/AuthProvider.tsx": {"lines":{"total":19,"covered":2,"skipped":0,"pct":10.52},"functions":{"total":6,"covered":0,"skipped":0,"pct":0},"statements":{"total":20,"covered":2,"skipped":0,"pct":10},"branches":{"total":2,"covered":0,"skipped":0,"pct":0}}
,"/home/pedrocampos/Documentos/github/2023.1-Amis-Front/src/pages/alunas/alunas.tsx": {"lines":{"total":120,"covered":0,"skipped":0,"pct":0},"functions":{"total":22,"covered":0,"skipped":0,"pct":0},"statements":{"total":126,"covered":0,"skipped":0,"pct":0},"branches":{"total":54,"covered":0,"skipped":0,"pct":0}}
,"/home/pedrocampos/Documentos/github/2023.1-Amis-Front/src/pages/alunas/tests/alunas.mock.ts": {"lines":{"total":10,"covered":0,"skipped":0,"pct":0},"functions":{"total":3,"covered":0,"skipped":0,"pct":0},"statements":{"total":11,"covered":0,"skipped":0,"pct":0},"branches":{"total":4,"covered":0,"skipped":0,"pct":0}}
,"/home/pedrocampos/Documentos/github/2023.1-Amis-Front/src/pages/assistentes/assistentes.tsx": {"lines":{"total":168,"covered":0,"skipped":0,"pct":0},"functions":{"total":30,"covered":0,"skipped":0,"pct":0},"statements":{"total":173,"covered":0,"skipped":0,"pct":0},"branches":{"total":68,"covered":0,"skipped":0,"pct":0}}
,"/home/pedrocampos/Documentos/github/2023.1-Amis-Front/src/pages/assistentes/tests/assistentes.mock.tsx": {"lines":{"total":7,"covered":0,"skipped":0,"pct":0},"functions":{"total":4,"covered":0,"skipped":0,"pct":0},"statements":{"total":9,"covered":0,"skipped":0,"pct":0},"branches":{"total":0,"covered":0,"skipped":0,"pct":100}}
,"/home/pedrocampos/Documentos/github/2023.1-Amis-Front/src/pages/home/home.tsx": {"lines":{"total":21,"covered":21,"skipped":0,"pct":100},"functions":{"total":8,"covered":8,"skipped":0,"pct":100},"statements":{"total":21,"covered":21,"skipped":0,"pct":100},"branches":{"total":0,"covered":0,"skipped":0,"pct":100}}
,"/home/pedrocampos/Documentos/github/2023.1-Amis-Front/src/pages/login/login.tsx": {"lines":{"total":27,"covered":6,"skipped":0,"pct":22.22},"functions":{"total":7,"covered":0,"skipped":0,"pct":0},"statements":{"total":28,"covered":6,"skipped":0,"pct":21.42},"branches":{"total":8,"covered":0,"skipped":0,"pct":0}}
,"/home/pedrocampos/Documentos/github/2023.1-Amis-Front/src/pages/receitas/receitas.tsx": {"lines":{"total":74,"covered":9,"skipped":0,"pct":12.16},"functions":{"total":26,"covered":0,"skipped":0,"pct":0},"statements":{"total":76,"covered":9,"skipped":0,"pct":11.84},"branches":{"total":10,"covered":0,"skipped":0,"pct":0}}
,"/home/pedrocampos/Documentos/github/2023.1-Amis-Front/src/pages/receitas/receitasInstrucao.tsx": {"lines":{"total":30,"covered":10,"skipped":0,"pct":33.33},"functions":{"total":9,"covered":0,"skipped":0,"pct":0},"statements":{"total":30,"covered":10,"skipped":0,"pct":33.33},"branches":{"total":8,"covered":0,"skipped":0,"pct":0}}
,"/home/pedrocampos/Documentos/github/2023.1-Amis-Front/src/pages/turmas/turmas.tsx": {"lines":{"total":141,"covered":6,"skipped":0,"pct":4.25},"functions":{"total":38,"covered":0,"skipped":0,"pct":0},"statements":{"total":147,"covered":6,"skipped":0,"pct":4.08},"branches":{"total":30,"covered":0,"skipped":0,"pct":0}}
,"/home/pedrocampos/Documentos/github/2023.1-Amis-Front/src/pages/turmas/tests/turmas.mock.tsx": {"lines":{"total":5,"covered":0,"skipped":0,"pct":0},"functions":{"total":2,"covered":0,"skipped":0,"pct":0},"statements":{"total":6,"covered":0,"skipped":0,"pct":0},"branches":{"total":0,"covered":0,"skipped":0,"pct":100}}
,"/home/pedrocampos/Documentos/github/2023.1-Amis-Front/src/services/alunas.tsx": {"lines":{"total":27,"covered":4,"skipped":0,"pct":14.81},"functions":{"total":10,"covered":0,"skipped":0,"pct":0},"statements":{"total":27,"covered":4,"skipped":0,"pct":14.81},"branches":{"total":4,"covered":0,"skipped":0,"pct":0}}
,"/home/pedrocampos/Documentos/github/2023.1-Amis-Front/src/services/api.tsx": {"lines":{"total":6,"covered":2,"skipped":0,"pct":33.33},"functions":{"total":2,"covered":0,"skipped":0,"pct":0},"statements":{"total":6,"covered":2,"skipped":0,"pct":33.33},"branches":{"total":0,"covered":0,"skipped":0,"pct":100}}
,"/home/pedrocampos/Documentos/github/2023.1-Amis-Front/src/services/assistentes.tsx": {"lines":{"total":19,"covered":4,"skipped":0,"pct":21.05},"functions":{"total":10,"covered":0,"skipped":0,"pct":0},"statements":{"total":19,"covered":4,"skipped":0,"pct":21.05},"branches":{"total":0,"covered":0,"skipped":0,"pct":100}}
,"/home/pedrocampos/Documentos/github/2023.1-Amis-Front/src/services/auth.tsx": {"lines":{"total":15,"covered":1,"skipped":0,"pct":6.66},"functions":{"total":3,"covered":0,"skipped":0,"pct":0},"statements":{"total":15,"covered":1,"skipped":0,"pct":6.66},"branches":{"total":4,"covered":0,"skipped":0,"pct":0}}
,"/home/pedrocampos/Documentos/github/2023.1-Amis-Front/src/services/queryClient.tsx": {"lines":{"total":1,"covered":1,"skipped":0,"pct":100},"functions":{"total":0,"covered":0,"skipped":0,"pct":100},"statements":{"total":1,"covered":1,"skipped":0,"pct":100},"branches":{"total":0,"covered":0,"skipped":0,"pct":100}}
,"/home/pedrocampos/Documentos/github/2023.1-Amis-Front/src/services/turmas.tsx": {"lines":{"total":27,"covered":10,"skipped":0,"pct":37.03},"functions":{"total":20,"covered":0,"skipped":0,"pct":0},"statements":{"total":30,"covered":10,"skipped":0,"pct":33.33},"branches":{"total":0,"covered":0,"skipped":0,"pct":100}}
,"/home/pedrocampos/Documentos/github/2023.1-Amis-Front/src/shared/components/Footer/footer.tsx": {"lines":{"total":6,"covered":6,"skipped":0,"pct":100},"functions":{"total":3,"covered":3,"skipped":0,"pct":100},"statements":{"total":6,"covered":6,"skipped":0,"pct":100},"branches":{"total":0,"covered":0,"skipped":0,"pct":100}}
,"/home/pedrocampos/Documentos/github/2023.1-Amis-Front/src/shared/components/InputButtons/AddButton.tsx": {"lines":{"total":2,"covered":1,"skipped":0,"pct":50},"functions":{"total":1,"covered":0,"skipped":0,"pct":0},"statements":{"total":2,"covered":1,"skipped":0,"pct":50},"branches":{"total":0,"covered":0,"skipped":0,"pct":100}}
,"/home/pedrocampos/Documentos/github/2023.1-Amis-Front/src/shared/components/Masks/ValueMask.tsx": {"lines":{"total":43,"covered":1,"skipped":0,"pct":2.32},"functions":{"total":3,"covered":0,"skipped":0,"pct":0},"statements":{"total":43,"covered":1,"skipped":0,"pct":2.32},"branches":{"total":40,"covered":0,"skipped":0,"pct":0}}
,"/home/pedrocampos/Documentos/github/2023.1-Amis-Front/src/shared/components/Navbar/navbar.tsx": {"lines":{"total":15,"covered":14,"skipped":0,"pct":93.33},"functions":{"total":8,"covered":7,"skipped":0,"pct":87.5},"statements":{"total":16,"covered":15,"skipped":0,"pct":93.75},"branches":{"total":6,"covered":5,"skipped":0,"pct":83.33}}
,"/home/pedrocampos/Documentos/github/2023.1-Amis-Front/src/shared/components/NavbarLogada/navbarLogada.tsx": {"lines":{"total":12,"covered":7,"skipped":0,"pct":58.33},"functions":{"total":5,"covered":0,"skipped":0,"pct":0},"statements":{"total":12,"covered":7,"skipped":0,"pct":58.33},"branches":{"total":0,"covered":0,"skipped":0,"pct":100}}
,"/home/pedrocampos/Documentos/github/2023.1-Amis-Front/src/shared/components/PrimaryButton/PrimaryButton.tsx": {"lines":{"total":4,"covered":4,"skipped":0,"pct":100},"functions":{"total":3,"covered":3,"skipped":0,"pct":100},"statements":{"total":4,"covered":4,"skipped":0,"pct":100},"branches":{"total":0,"covered":0,"skipped":0,"pct":100}}
,"/home/pedrocampos/Documentos/github/2023.1-Amis-Front/src/shared/components/Sidebar/sidebar.tsx": {"lines":{"total":16,"covered":4,"skipped":0,"pct":25},"functions":{"total":8,"covered":0,"skipped":0,"pct":0},"statements":{"total":17,"covered":4,"skipped":0,"pct":23.52},"branches":{"total":18,"covered":0,"skipped":0,"pct":0}}
,"/home/pedrocampos/Documentos/github/2023.1-Amis-Front/src/shared/components/Style/style.tsx": {"lines":{"total":13,"covered":6,"skipped":0,"pct":46.15},"functions":{"total":7,"covered":0,"skipped":0,"pct":0},"statements":{"total":13,"covered":6,"skipped":0,"pct":46.15},"branches":{"total":0,"covered":0,"skipped":0,"pct":100}}
,"/home/pedrocampos/Documentos/github/2023.1-Amis-Front/src/shared/components/TablePagination/tablePagination.tsx": {"lines":{"total":1,"covered":0,"skipped":0,"pct":0},"functions":{"total":1,"covered":0,"skipped":0,"pct":0},"statements":{"total":1,"covered":0,"skipped":0,"pct":0},"branches":{"total":0,"covered":0,"skipped":0,"pct":100}}
,"/home/pedrocampos/Documentos/github/2023.1-Amis-Front/src/shared/components/Title/Title.tsx": {"lines":{"total":4,"covered":1,"skipped":0,"pct":25},"functions":{"total":3,"covered":0,"skipped":0,"pct":0},"statements":{"total":4,"covered":1,"skipped":0,"pct":25},"branches":{"total":0,"covered":0,"skipped":0,"pct":100}}
,"/home/pedrocampos/Documentos/github/2023.1-Amis-Front/src/shared/functions/removeSpecialCharacters.tsx": {"lines":{"total":3,"covered":0,"skipped":0,"pct":0},"functions":{"total":1,"covered":0,"skipped":0,"pct":0},"statements":{"total":3,"covered":0,"skipped":0,"pct":0},"branches":{"total":4,"covered":0,"skipped":0,"pct":0}}
,"/home/pedrocampos/Documentos/github/2023.1-Amis-Front/src/shared/functions/validarCPF.tsx": {"lines":{"total":23,"covered":1,"skipped":0,"pct":4.34},"functions":{"total":1,"covered":0,"skipped":0,"pct":0},"statements":{"total":25,"covered":1,"skipped":0,"pct":4},"branches":{"total":16,"covered":0,"skipped":0,"pct":0}}
,"/home/pedrocampos/Documentos/github/2023.1-Amis-Front/src/styles/theme.ts": {"lines":{"total":1,"covered":1,"skipped":0,"pct":100},"functions":{"total":0,"covered":0,"skipped":0,"pct":100},"statements":{"total":1,"covered":1,"skipped":0,"pct":100},"branches":{"total":0,"covered":0,"skipped":0,"pct":100}}
}
