TN:
SF:src/routes.tsx
FN:23,(anonymous_0)
FN:40,AppRoutes
FNF:2
FNH:1
FNDA:0,(anonymous_0)
FNDA:1,AppRoutes
DA:23,1
DA:26,0
DA:28,0
DA:29,0
DA:35,0
DA:37,0
DA:41,1
LF:7
LH:2
BRDA:28,0,0,0
BRDA:28,0,1,0
BRDA:37,1,0,0
BRDA:37,1,1,0
BRF:4
BRH:0
end_of_record
TN:
SF:src/context/AuthProvider.tsx
FN:29,(anonymous_0)
FN:33,authenticate
FN:46,(anonymous_2)
FN:47,loadUser
FN:50,(anonymous_4)
FN:62,logout
FNF:6
FNH:0
FNDA:0,(anonymous_0)
FNDA:0,authenticate
FNDA:0,(anonymous_2)
FNDA:0,loadUser
FNDA:0,(anonymous_4)
FNDA:0,logout
DA:26,8
DA:29,8
DA:30,0
DA:31,0
DA:34,0
DA:36,0
DA:41,0
DA:42,0
DA:43,0
DA:46,0
DA:48,0
DA:50,0
DA:52,0
DA:53,0
DA:55,0
DA:59,0
DA:63,0
DA:64,0
DA:67,0
LF:19
LH:2
BRDA:52,0,0,0
BRDA:52,0,1,0
BRF:2
BRH:0
end_of_record
TN:
SF:src/pages/alunas/alunas.tsx
FN:53,Alunas
FN:66,(anonymous_1)
FN:67,(anonymous_2)
FN:73,(anonymous_3)
FN:74,(anonymous_4)
FN:85,transformDate
FN:91,(anonymous_6)
FN:197,(anonymous_7)
FN:205,(anonymous_8)
FN:209,(anonymous_9)
FN:223,(anonymous_10)
FN:224,(anonymous_11)
FN:241,(anonymous_12)
FN:274,(anonymous_13)
FN:280,(anonymous_14)
FN:290,(anonymous_15)
FN:292,(anonymous_16)
FN:393,(anonymous_17)
FN:402,(anonymous_18)
FN:431,(anonymous_19)
FN:440,(anonymous_20)
FN:509,(anonymous_21)
FNF:22
FNH:7
FNDA:4,Alunas
FNDA:2,(anonymous_1)
FNDA:1,(anonymous_2)
FNDA:0,(anonymous_3)
FNDA:0,(anonymous_4)
FNDA:1,transformDate
FNDA:1,(anonymous_6)
FNDA:1,(anonymous_7)
FNDA:2,(anonymous_8)
FNDA:0,(anonymous_9)
FNDA:0,(anonymous_10)
FNDA:0,(anonymous_11)
FNDA:0,(anonymous_12)
FNDA:0,(anonymous_13)
FNDA:0,(anonymous_14)
FNDA:0,(anonymous_15)
FNDA:0,(anonymous_16)
FNDA:0,(anonymous_17)
FNDA:0,(anonymous_18)
FNDA:0,(anonymous_19)
FNDA:0,(anonymous_20)
FNDA:0,(anonymous_21)
DA:54,4
DA:55,4
DA:56,4
DA:57,4
DA:58,4
DA:59,4
DA:62,4
DA:63,4
DA:64,4
DA:65,4
DA:66,4
DA:67,4
DA:68,4
DA:69,4
DA:70,4
DA:71,4
DA:72,4
DA:73,4
DA:74,4
DA:76,4
DA:83,4
DA:86,1
DA:87,1
DA:88,1
DA:91,4
DA:93,1
DA:110,1
DA:111,1
DA:112,0
DA:113,0
DA:116,1
DA:117,1
DA:118,0
DA:119,0
DA:122,1
DA:123,1
DA:124,0
DA:125,0
DA:128,1
DA:129,1
DA:130,0
DA:131,0
DA:134,1
DA:135,1
DA:137,1
DA:142,0
DA:143,0
DA:146,1
DA:147,0
DA:148,0
DA:151,1
DA:152,0
DA:153,0
DA:156,1
DA:157,0
DA:158,0
DA:161,1
DA:162,1
DA:163,1
DA:164,1
DA:166,1
DA:170,0
DA:173,1
DA:174,0
DA:175,0
DA:180,1
DA:181,1
DA:182,1
DA:183,1
DA:185,1
DA:186,1
DA:188,1
DA:189,1
DA:192,0
DA:194,1
DA:197,4
DA:198,1
DA:199,1
DA:200,1
DA:202,0
DA:205,4
DA:206,2
DA:207,0
DA:208,0
DA:209,0
DA:210,0
DA:219,0
DA:223,4
DA:224,0
DA:225,0
DA:226,0
DA:227,0
DA:229,0
DA:230,0
DA:232,0
DA:235,0
DA:236,0
DA:241,4
DA:243,0
DA:255,0
DA:256,0
DA:257,0
DA:259,0
DA:261,0
DA:262,0
DA:265,4
DA:274,0
DA:281,0
DA:282,0
DA:291,0
DA:292,0
DA:293,0
DA:294,0
DA:295,0
DA:303,4
DA:394,0
DA:403,0
DA:432,0
DA:441,0
DA:509,0
LF:120
LH:65
BRDA:111,0,0,0
BRDA:111,0,1,1
BRDA:117,1,0,0
BRDA:117,1,1,1
BRDA:123,2,0,0
BRDA:123,2,1,1
BRDA:129,3,0,0
BRDA:129,3,1,1
BRDA:137,4,0,0
BRDA:137,4,1,1
BRDA:138,5,0,1
BRDA:138,5,1,1
BRDA:138,5,2,1
BRDA:146,6,0,0
BRDA:146,6,1,1
BRDA:151,7,0,0
BRDA:151,7,1,1
BRDA:156,8,0,0
BRDA:156,8,1,1
BRDA:166,9,0,0
BRDA:166,9,1,1
BRDA:167,10,0,1
BRDA:167,10,1,1
BRDA:167,10,2,0
BRDA:173,11,0,0
BRDA:173,11,1,1
BRDA:186,12,0,1
BRDA:186,12,1,0
BRDA:199,13,0,1
BRDA:199,13,1,0
BRDA:208,14,0,0
BRDA:208,14,1,0
BRDA:208,15,0,0
BRDA:208,15,1,0
BRDA:225,16,0,0
BRDA:225,16,1,0
BRDA:229,17,0,0
BRDA:229,17,1,0
BRDA:256,18,0,0
BRDA:256,18,1,0
BRDA:256,19,0,0
BRDA:256,19,1,0
BRDA:293,20,0,0
BRDA:293,20,1,0
BRDA:386,21,0,0
BRDA:386,21,1,4
BRDA:390,22,0,0
BRDA:390,22,1,4
BRDA:424,23,0,0
BRDA:424,23,1,4
BRDA:428,24,0,0
BRDA:428,24,1,4
BRDA:451,25,0,4
BRDA:451,25,1,0
BRF:54
BRH:22
end_of_record
TN:
SF:src/pages/alunas/tests/alunas.mock.ts
FN:10,(anonymous_0)
FN:24,(anonymous_1)
FN:26,(anonymous_2)
FNF:3
FNH:3
FNDA:1,(anonymous_0)
FNDA:1,(anonymous_1)
FNDA:1,(anonymous_2)
DA:6,1
DA:7,1
DA:10,1
DA:11,1
DA:12,1
DA:15,1
DA:17,1
DA:20,0
DA:24,1
DA:26,1
LF:10
LH:9
BRDA:15,0,0,1
BRDA:15,0,1,0
BRDA:15,1,0,1
BRDA:15,1,1,1
BRF:4
BRH:3
end_of_record
TN:
SF:src/pages/assistentes/assistentes.tsx
FN:50,transformDate
FN:56,Assistentes
FN:72,(anonymous_2)
FN:73,(anonymous_3)
FN:74,(anonymous_4)
FN:75,(anonymous_5)
FN:86,(anonymous_6)
FN:96,(anonymous_7)
FN:105,(anonymous_8)
FN:130,(anonymous_9)
FN:138,(anonymous_10)
FN:146,(anonymous_11)
FN:154,(anonymous_12)
FN:173,(anonymous_13)
FN:248,(anonymous_14)
FN:256,(anonymous_15)
FN:262,(anonymous_16)
FN:282,(anonymous_17)
FN:283,(anonymous_18)
FN:299,(anonymous_19)
FN:300,(anonymous_20)
FN:315,(anonymous_21)
FN:354,(anonymous_22)
FN:358,(anonymous_23)
FN:366,(anonymous_24)
FN:451,(anonymous_25)
FN:460,(anonymous_26)
FN:492,(anonymous_27)
FN:501,(anonymous_28)
FN:534,(anonymous_29)
FNF:30
FNH:13
FNDA:1,transformDate
FNDA:4,Assistentes
FNDA:0,(anonymous_2)
FNDA:0,(anonymous_3)
FNDA:2,(anonymous_4)
FNDA:0,(anonymous_5)
FNDA:1,(anonymous_6)
FNDA:1,(anonymous_7)
FNDA:1,(anonymous_8)
FNDA:1,(anonymous_9)
FNDA:1,(anonymous_10)
FNDA:1,(anonymous_11)
FNDA:1,(anonymous_12)
FNDA:1,(anonymous_13)
FNDA:1,(anonymous_14)
FNDA:2,(anonymous_15)
FNDA:0,(anonymous_16)
FNDA:0,(anonymous_17)
FNDA:0,(anonymous_18)
FNDA:0,(anonymous_19)
FNDA:0,(anonymous_20)
FNDA:0,(anonymous_21)
FNDA:0,(anonymous_22)
FNDA:0,(anonymous_23)
FNDA:0,(anonymous_24)
FNDA:0,(anonymous_25)
FNDA:0,(anonymous_26)
FNDA:0,(anonymous_27)
FNDA:0,(anonymous_28)
FNDA:0,(anonymous_29)
DA:51,1
DA:52,1
DA:53,1
DA:57,4
DA:58,4
DA:59,4
DA:60,4
DA:61,4
DA:62,4
DA:65,4
DA:66,4
DA:67,4
DA:68,4
DA:69,4
DA:70,4
DA:71,4
DA:72,4
DA:73,4
DA:74,4
DA:75,4
DA:76,4
DA:77,4
DA:84,4
DA:86,4
DA:88,1
DA:89,1
DA:90,0
DA:91,0
DA:93,1
DA:96,4
DA:97,1
DA:98,1
DA:99,0
DA:100,0
DA:102,1
DA:105,4
DA:106,1
DA:107,1
DA:108,0
DA:109,0
DA:111,1
DA:113,1
DA:114,0
DA:115,0
DA:117,1
DA:118,1
DA:119,1
DA:124,0
DA:125,0
DA:127,1
DA:130,4
DA:131,1
DA:132,0
DA:133,0
DA:135,1
DA:138,4
DA:139,1
DA:140,0
DA:141,0
DA:143,1
DA:146,4
DA:147,1
DA:148,0
DA:149,0
DA:151,1
DA:154,4
DA:155,1
DA:156,1
DA:157,1
DA:158,1
DA:159,1
DA:163,1
DA:165,1
DA:166,0
DA:167,0
DA:169,1
DA:173,4
DA:174,1
DA:187,1
DA:188,1
DA:189,0
DA:192,1
DA:193,1
DA:194,0
DA:197,1
DA:198,1
DA:199,0
DA:203,1
DA:205,1
DA:207,1
DA:208,0
DA:209,0
DA:211,1
DA:213,1
DA:215,1
DA:216,1
DA:217,0
DA:220,1
DA:221,1
DA:222,0
DA:225,1
DA:226,1
DA:227,0
DA:230,1
DA:231,1
DA:232,0
DA:235,1
DA:236,1
DA:237,1
DA:239,1
DA:241,1
DA:242,1
DA:243,1
DA:244,1
DA:248,4
DA:249,1
DA:250,1
DA:251,1
DA:253,0
DA:256,4
DA:257,2
DA:260,0
DA:261,0
DA:262,0
DA:263,0
DA:279,0
DA:282,4
DA:283,0
DA:284,0
DA:285,0
DA:286,0
DA:288,0
DA:289,0
DA:291,0
DA:294,0
DA:295,0
DA:299,4
DA:300,0
DA:301,0
DA:302,0
DA:305,0
DA:306,0
DA:307,0
DA:308,0
DA:309,0
DA:310,0
DA:311,0
DA:312,0
DA:315,4
DA:316,0
DA:326,0
DA:327,0
DA:328,0
DA:329,0
DA:330,0
DA:331,0
DA:334,0
DA:339,4
DA:354,0
DA:359,0
DA:360,0
DA:367,0
DA:374,4
DA:452,0
DA:461,0
DA:493,0
DA:502,0
DA:534,0
LF:168
LH:98
BRDA:89,0,0,0
BRDA:89,0,1,1
BRDA:98,1,0,0
BRDA:98,1,1,1
BRDA:107,2,0,0
BRDA:107,2,1,1
BRDA:113,3,0,0
BRDA:113,3,1,1
BRDA:119,4,0,0
BRDA:119,4,1,1
BRDA:120,5,0,1
BRDA:120,5,1,1
BRDA:120,5,2,1
BRDA:131,6,0,0
BRDA:131,6,1,1
BRDA:139,7,0,0
BRDA:139,7,1,1
BRDA:147,8,0,0
BRDA:147,8,1,1
BRDA:159,9,0,1
BRDA:159,9,1,0
BRDA:160,10,0,1
BRDA:160,10,1,0
BRDA:160,10,2,0
BRDA:165,11,0,0
BRDA:165,11,1,1
BRDA:188,12,0,0
BRDA:188,12,1,1
BRDA:193,13,0,0
BRDA:193,13,1,1
BRDA:198,14,0,0
BRDA:198,14,1,1
BRDA:207,15,0,0
BRDA:207,15,1,1
BRDA:216,16,0,0
BRDA:216,16,1,1
BRDA:221,17,0,0
BRDA:221,17,1,1
BRDA:226,18,0,0
BRDA:226,18,1,1
BRDA:231,19,0,0
BRDA:231,19,1,1
BRDA:241,20,0,1
BRDA:241,20,1,0
BRDA:250,21,0,1
BRDA:250,21,1,0
BRDA:261,22,0,0
BRDA:261,22,1,0
BRDA:261,23,0,0
BRDA:261,23,1,0
BRDA:284,24,0,0
BRDA:284,24,1,0
BRDA:288,25,0,0
BRDA:288,25,1,0
BRDA:301,26,0,0
BRDA:301,26,1,0
BRDA:327,27,0,0
BRDA:327,27,1,0
BRDA:444,28,0,0
BRDA:444,28,1,4
BRDA:448,29,0,0
BRDA:448,29,1,4
BRDA:485,30,0,0
BRDA:485,30,1,4
BRDA:489,31,0,0
BRDA:489,31,1,4
BRDA:512,32,0,4
BRDA:512,32,1,0
BRF:68
BRH:29
end_of_record
TN:
SF:src/pages/assistentes/tests/assistentes.mock.tsx
FN:39,(anonymous_0)
FN:40,(anonymous_1)
FN:43,(anonymous_2)
FN:44,(anonymous_3)
FNF:4
FNH:2
FNDA:1,(anonymous_0)
FNDA:1,(anonymous_1)
FNDA:0,(anonymous_2)
FNDA:0,(anonymous_3)
DA:6,1
DA:7,1
DA:10,1
DA:39,1
DA:40,1
DA:43,1
DA:44,0
LF:7
LH:6
BRF:0
BRH:0
end_of_record
TN:
SF:src/pages/home/home.tsx
FN:15,(anonymous_0)
FN:32,(anonymous_1)
FN:38,(anonymous_2)
FN:59,(anonymous_3)
FN:73,(anonymous_4)
FN:77,(anonymous_5)
FN:83,(anonymous_6)
FN:93,Home
FN:97,(anonymous_8)
FN:102,(anonymous_9)
FNF:10
FNH:10
FNDA:2,(anonymous_0)
FNDA:4,(anonymous_1)
FNDA:2,(anonymous_2)
FNDA:2,(anonymous_3)
FNDA:4,(anonymous_4)
FNDA:4,(anonymous_5)
FNDA:2,(anonymous_6)
FNDA:2,Home
FNDA:2,(anonymous_8)
FNDA:2,(anonymous_9)
DA:14,2
DA:15,2
DA:22,2
DA:27,2
DA:31,2
DA:32,4
DA:37,2
DA:38,2
DA:44,2
DA:51,2
DA:57,2
DA:59,2
DA:65,2
DA:70,2
DA:73,4
DA:76,2
DA:77,4
DA:82,2
DA:83,2
DA:87,2
DA:94,2
DA:95,2
DA:97,2
DA:98,2
DA:99,0
DA:102,2
DA:103,2
DA:104,0
DA:107,2
LF:29
LH:27
BRF:0
BRH:0
end_of_record
TN:
SF:src/pages/login/login.tsx
FN:29,(anonymous_0)
FN:35,(anonymous_1)
FN:57,(anonymous_2)
FN:63,(anonymous_3)
FN:67,Login
FN:75,(anonymous_5)
FN:80,(anonymous_6)
FNF:7
FNH:5
FNDA:1,(anonymous_0)
FNDA:1,(anonymous_1)
FNDA:1,(anonymous_2)
FNDA:1,(anonymous_3)
FNDA:1,Login
FNDA:0,(anonymous_5)
FNDA:0,(anonymous_6)
DA:19,2
DA:24,2
DA:29,1
DA:32,2
DA:35,1
DA:45,2
DA:54,2
DA:57,1
DA:60,2
DA:63,1
DA:73,1
DA:74,1
DA:75,1
DA:76,1
DA:77,1
DA:78,1
DA:80,1
DA:81,0
DA:82,0
DA:84,0
DA:86,0
DA:88,0
DA:89,0
DA:90,0
DA:92,0
DA:93,0
DA:97,1
LF:27
LH:18
BRDA:88,0,0,0
BRDA:88,0,1,0
BRDA:119,1,0,0
BRDA:119,1,1,1
BRDA:123,2,0,0
BRDA:123,2,1,1
BRDA:145,3,0,0
BRDA:145,3,1,1
BRF:8
BRH:3
end_of_record
TN:
SF:src/pages/receitas/receitas.tsx
FN:52,(anonymous_0)
FN:131,Receitas
FN:133,(anonymous_2)
FN:134,(anonymous_3)
FN:149,(anonymous_4)
FN:150,(anonymous_5)
FN:154,(anonymous_6)
FN:169,(anonymous_7)
FN:173,(anonymous_8)
FN:182,(anonymous_9)
FN:197,(anonymous_10)
FN:207,addInputIngred
FN:212,(anonymous_12)
FN:218,addInputModPrep
FN:223,(anonymous_14)
FN:228,remInputPrep
FN:231,(anonymous_16)
FN:236,remInputIngre
FN:239,(anonymous_18)
FN:244,openReceita
FN:264,(anonymous_20)
FN:268,(anonymous_21)
FN:324,(anonymous_22)
FN:334,(anonymous_23)
FN:349,(anonymous_24)
FN:359,(anonymous_25)
FNF:26
FNH:5
FNDA:1,(anonymous_0)
FNDA:1,Receitas
FNDA:0,(anonymous_2)
FNDA:0,(anonymous_3)
FNDA:1,(anonymous_4)
FNDA:0,(anonymous_5)
FNDA:0,(anonymous_6)
FNDA:0,(anonymous_7)
FNDA:0,(anonymous_8)
FNDA:0,(anonymous_9)
FNDA:0,(anonymous_10)
FNDA:0,addInputIngred
FNDA:0,(anonymous_12)
FNDA:0,addInputModPrep
FNDA:0,(anonymous_14)
FNDA:0,remInputPrep
FNDA:0,(anonymous_16)
FNDA:0,remInputIngre
FNDA:0,(anonymous_18)
FNDA:0,openReceita
FNDA:0,(anonymous_20)
FNDA:0,(anonymous_21)
FNDA:1,(anonymous_22)
FNDA:0,(anonymous_23)
FNDA:1,(anonymous_24)
FNDA:0,(anonymous_25)
DA:28,2
DA:44,2
DA:51,2
DA:52,1
DA:58,2
DA:66,2
DA:75,2
DA:83,2
DA:87,2
DA:95,2
DA:132,1
DA:133,1
DA:134,1
DA:135,1
DA:138,1
DA:139,1
DA:140,1
DA:146,1
DA:147,1
DA:149,1
DA:150,1
DA:151,0
DA:152,0
DA:153,0
DA:154,0
DA:155,0
DA:163,0
DA:165,0
DA:169,1
DA:170,0
DA:171,0
DA:173,0
DA:174,0
DA:175,0
DA:179,0
DA:180,0
DA:182,0
DA:183,0
DA:184,0
DA:188,0
DA:195,0
DA:197,0
DA:198,0
DA:199,0
DA:201,0
DA:204,0
DA:208,0
DA:209,0
DA:210,0
DA:211,0
DA:212,0
DA:213,0
DA:219,0
DA:220,0
DA:221,0
DA:222,0
DA:223,0
DA:224,0
DA:229,0
DA:230,0
DA:231,0
DA:232,0
DA:237,0
DA:238,0
DA:239,0
DA:240,0
DA:245,0
DA:248,1
DA:265,0
DA:268,0
DA:326,1
DA:334,0
DA:351,1
DA:359,0
LF:74
LH:25
BRDA:153,0,0,0
BRDA:153,0,1,0
BRDA:174,1,0,0
BRDA:174,1,1,0
BRDA:183,2,0,0
BRDA:183,2,1,0
BRDA:198,3,0,0
BRDA:198,3,1,0
BRDA:256,4,0,1
BRDA:256,4,1,0
BRF:10
BRH:1
end_of_record
TN:
SF:src/pages/receitas/receitasInstrucao.tsx
FN:16,(anonymous_0)
FN:151,ReceitasInstrucao
FN:156,(anonymous_2)
FN:157,(anonymous_3)
FN:167,(anonymous_4)
FN:168,(anonymous_5)
FN:190,(anonymous_6)
FN:209,(anonymous_7)
FN:225,(anonymous_8)
FNF:9
FNH:0
FNDA:0,(anonymous_0)
FNDA:0,ReceitasInstrucao
FNDA:0,(anonymous_2)
FNDA:0,(anonymous_3)
FNDA:0,(anonymous_4)
FNDA:0,(anonymous_5)
FNDA:0,(anonymous_6)
FNDA:0,(anonymous_7)
FNDA:0,(anonymous_8)
DA:15,1
DA:16,0
DA:23,1
DA:32,1
DA:37,1
DA:44,1
DA:49,1
DA:56,1
DA:65,1
DA:106,1
DA:146,1
DA:152,0
DA:153,0
DA:154,0
DA:156,0
DA:157,0
DA:158,0
DA:159,0
DA:160,0
DA:162,0
DA:167,0
DA:168,0
DA:169,0
DA:170,0
DA:171,0
DA:172,0
DA:177,0
DA:190,0
DA:210,0
DA:226,0
LF:30
LH:10
BRDA:159,0,0,0
BRDA:159,0,1,0
BRDA:170,1,0,0
BRDA:170,1,1,0
BRDA:187,2,0,0
BRDA:187,2,1,0
BRDA:208,3,0,0
BRDA:208,3,1,0
BRF:8
BRH:0
end_of_record
TN:
SF:src/pages/turmas/turmas.tsx
FN:62,(anonymous_0)
FN:114,Turmas
FN:123,(anonymous_2)
FN:124,(anonymous_3)
FN:126,(anonymous_4)
FN:127,(anonymous_5)
FN:128,(anonymous_6)
FN:129,(anonymous_7)
FN:142,(anonymous_8)
FN:162,(anonymous_9)
FN:165,(anonymous_10)
FN:216,(anonymous_11)
FN:234,(anonymous_12)
FN:254,(anonymous_13)
FN:272,(anonymous_14)
FN:281,(anonymous_15)
FN:295,(anonymous_16)
FN:300,(anonymous_17)
FN:316,(anonymous_18)
FN:327,(anonymous_19)
FN:331,(anonymous_20)
FN:345,(anonymous_21)
FN:349,(anonymous_22)
FN:353,(anonymous_23)
FN:373,(anonymous_24)
FN:378,(anonymous_25)
FN:390,(anonymous_26)
FN:404,(anonymous_27)
FN:413,(anonymous_28)
FN:460,(anonymous_29)
FN:539,(anonymous_30)
FN:608,(anonymous_31)
FN:661,(anonymous_32)
FN:666,(anonymous_33)
FN:714,(anonymous_34)
FN:717,(anonymous_35)
FN:720,(anonymous_36)
FN:734,(anonymous_37)
FNF:38
FNH:4
FNDA:1,(anonymous_0)
FNDA:1,Turmas
FNDA:0,(anonymous_2)
FNDA:0,(anonymous_3)
FNDA:0,(anonymous_4)
FNDA:0,(anonymous_5)
FNDA:0,(anonymous_6)
FNDA:0,(anonymous_7)
FNDA:0,(anonymous_8)
FNDA:1,(anonymous_9)
FNDA:0,(anonymous_10)
FNDA:0,(anonymous_11)
FNDA:0,(anonymous_12)
FNDA:0,(anonymous_13)
FNDA:0,(anonymous_14)
FNDA:0,(anonymous_15)
FNDA:0,(anonymous_16)
FNDA:0,(anonymous_17)
FNDA:0,(anonymous_18)
FNDA:1,(anonymous_19)
FNDA:0,(anonymous_20)
FNDA:0,(anonymous_21)
FNDA:0,(anonymous_22)
FNDA:0,(anonymous_23)
FNDA:0,(anonymous_24)
FNDA:0,(anonymous_25)
FNDA:0,(anonymous_26)
FNDA:0,(anonymous_27)
FNDA:0,(anonymous_28)
FNDA:0,(anonymous_29)
FNDA:0,(anonymous_30)
FNDA:0,(anonymous_31)
FNDA:0,(anonymous_32)
FNDA:0,(anonymous_33)
FNDA:0,(anonymous_34)
FNDA:0,(anonymous_35)
FNDA:0,(anonymous_36)
FNDA:0,(anonymous_37)
DA:59,2
DA:62,1
DA:66,2
DA:73,2
DA:82,2
DA:90,2
DA:98,2
DA:115,1
DA:116,1
DA:117,1
DA:118,1
DA:119,1
DA:120,1
DA:121,1
DA:122,1
DA:123,1
DA:124,1
DA:125,1
DA:126,1
DA:127,1
DA:128,1
DA:129,1
DA:130,1
DA:131,1
DA:132,1
DA:133,1
DA:139,1
DA:140,1
DA:142,1
DA:143,0
DA:153,0
DA:154,0
DA:155,0
DA:156,0
DA:158,0
DA:162,1
DA:163,1
DA:164,0
DA:165,0
DA:166,0
DA:167,0
DA:178,0
DA:179,0
DA:190,0
DA:191,0
DA:213,0
DA:216,1
DA:217,0
DA:218,0
DA:219,0
DA:220,0
DA:221,0
DA:223,0
DA:226,0
DA:230,0
DA:231,0
DA:234,1
DA:235,0
DA:245,0
DA:246,0
DA:247,0
DA:249,0
DA:251,0
DA:254,1
DA:255,0
DA:260,0
DA:261,0
DA:263,0
DA:264,0
DA:265,0
DA:266,0
DA:268,0
DA:272,1
DA:273,0
DA:274,0
DA:275,0
DA:276,0
DA:278,0
DA:280,0
DA:281,0
DA:282,0
DA:286,1
DA:295,0
DA:301,0
DA:302,0
DA:303,0
DA:310,1
DA:316,1
DA:317,0
DA:318,0
DA:319,0
DA:320,0
DA:321,0
DA:323,0
DA:327,1
DA:328,1
DA:329,0
DA:330,0
DA:331,0
DA:332,0
DA:339,0
DA:341,0
DA:345,1
DA:346,0
DA:349,1
DA:350,0
DA:353,1
DA:354,0
DA:355,0
DA:356,0
DA:360,1
DA:373,0
DA:379,0
DA:380,0
DA:381,0
DA:382,0
DA:383,0
DA:391,0
DA:392,0
DA:393,0
DA:394,0
DA:395,0
DA:396,0
DA:397,0
DA:405,0
DA:406,0
DA:414,0
DA:415,0
DA:422,1
DA:461,0
DA:539,0
DA:608,0
DA:661,0
DA:666,0
DA:715,0
DA:716,0
DA:717,0
DA:719,0
DA:721,0
DA:724,0
DA:735,0
LF:141
LH:45
BRDA:154,0,0,0
BRDA:154,0,1,0
BRDA:166,1,0,0
BRDA:166,1,1,0
BRDA:178,2,0,0
BRDA:178,2,1,0
BRDA:190,3,0,0
BRDA:190,3,1,0
BRDA:218,4,0,0
BRDA:218,4,1,0
BRDA:220,5,0,0
BRDA:220,5,1,0
BRDA:246,6,0,0
BRDA:246,6,1,0
BRDA:246,7,0,0
BRDA:246,7,1,0
BRDA:260,8,0,0
BRDA:260,8,1,0
BRDA:264,9,0,0
BRDA:264,9,1,0
BRDA:274,10,0,0
BRDA:274,10,1,0
BRDA:318,11,0,0
BRDA:318,11,1,0
BRDA:330,12,0,0
BRDA:330,12,1,0
BRDA:355,13,0,0
BRDA:355,13,1,0
BRDA:731,14,0,1
BRDA:731,14,1,0
BRF:30
BRH:1
end_of_record
TN:
SF:src/services/alunas.tsx
FN:4,(anonymous_0)
FN:28,(anonymous_1)
FN:32,(anonymous_2)
FN:33,(anonymous_3)
FN:36,(anonymous_4)
FN:42,(anonymous_5)
FN:43,(anonymous_6)
FN:46,(anonymous_7)
FN:49,(anonymous_8)
FN:50,(anonymous_9)
FNF:10
FNH:1
FNDA:0,(anonymous_0)
FNDA:2,(anonymous_1)
FNDA:0,(anonymous_2)
FNDA:0,(anonymous_3)
FNDA:0,(anonymous_4)
FNDA:0,(anonymous_5)
FNDA:0,(anonymous_6)
FNDA:0,(anonymous_7)
FNDA:0,(anonymous_8)
FNDA:0,(anonymous_9)
DA:4,2
DA:5,0
DA:6,0
DA:7,0
DA:9,0
DA:11,0
DA:12,0
DA:13,0
DA:14,0
DA:15,0
DA:17,0
DA:18,0
DA:21,0
DA:22,0
DA:24,0
DA:28,2
DA:30,2
DA:32,0
DA:33,0
DA:36,2
DA:40,0
DA:42,0
DA:43,0
DA:46,2
DA:47,0
DA:49,0
DA:50,0
LF:27
LH:5
BRDA:9,0,0,0
BRDA:9,0,1,0
BRDA:15,1,0,0
BRDA:15,1,1,0
BRF:4
BRH:0
end_of_record
TN:
SF:src/services/api.tsx
FN:11,(anonymous_0)
FN:16,(anonymous_1)
FNF:2
FNH:1
FNDA:11,(anonymous_0)
FNDA:0,(anonymous_1)
DA:6,6
DA:10,6
DA:12,11
DA:13,11
DA:14,11
DA:17,0
LF:6
LH:5
BRF:0
BRH:0
end_of_record
TN:
SF:src/services/assistentes.tsx
FN:4,(anonymous_0)
FN:16,(anonymous_1)
FN:20,(anonymous_2)
FN:21,(anonymous_3)
FN:24,(anonymous_4)
FN:30,(anonymous_5)
FN:31,(anonymous_6)
FN:34,(anonymous_7)
FN:37,(anonymous_8)
FN:38,(anonymous_9)
FNF:10
FNH:1
FNDA:0,(anonymous_0)
FNDA:2,(anonymous_1)
FNDA:0,(anonymous_2)
FNDA:0,(anonymous_3)
FNDA:0,(anonymous_4)
FNDA:0,(anonymous_5)
FNDA:0,(anonymous_6)
FNDA:0,(anonymous_7)
FNDA:0,(anonymous_8)
FNDA:0,(anonymous_9)
DA:4,2
DA:5,0
DA:7,0
DA:8,0
DA:9,0
DA:11,0
DA:12,0
DA:16,2
DA:18,2
DA:20,0
DA:21,0
DA:24,2
DA:28,0
DA:30,0
DA:31,0
DA:34,2
DA:35,0
DA:37,0
DA:38,0
LF:19
LH:5
BRF:0
BRH:0
end_of_record
TN:
SF:src/services/auth.tsx
FN:9,LoginRequest
FN:30,setUserLocalStorage
FN:34,getUserLocalStorage
FNF:3
FNH:1
FNDA:0,LoginRequest
FNDA:0,setUserLocalStorage
FNDA:11,getUserLocalStorage
DA:5,8
DA:10,0
DA:11,0
DA:12,0
DA:13,0
DA:15,0
DA:17,0
DA:18,0
DA:21,0
DA:26,0
DA:31,0
DA:35,11
DA:37,11
DA:38,11
DA:41,0
LF:15
LH:4
BRDA:17,0,0,0
BRDA:17,0,1,0
BRDA:37,1,0,11
BRDA:37,1,1,0
BRF:4
BRH:1
end_of_record
TN:
SF:src/services/queryClient.tsx
FNF:0
FNH:0
DA:3,6
LF:1
LH:1
BRF:0
BRH:0
end_of_record
TN:
SF:src/services/turmas.tsx
FN:5,(anonymous_0)
FN:6,(anonymous_1)
FN:9,(anonymous_2)
FN:10,(anonymous_3)
FN:13,(anonymous_4)
FN:16,(anonymous_5)
FN:19,(anonymous_6)
FN:25,(anonymous_7)
FN:28,(anonymous_8)
FN:31,(anonymous_9)
FN:34,(anonymous_10)
FN:37,(anonymous_11)
FN:40,(anonymous_12)
FN:43,(anonymous_13)
FN:46,(anonymous_14)
FN:47,(anonymous_15)
FN:50,(anonymous_16)
FN:53,(anonymous_17)
FN:56,(anonymous_18)
FN:60,(anonymous_19)
FNF:20
FNH:2
FNDA:0,(anonymous_0)
FNDA:0,(anonymous_1)
FNDA:1,(anonymous_2)
FNDA:0,(anonymous_3)
FNDA:0,(anonymous_4)
FNDA:0,(anonymous_5)
FNDA:0,(anonymous_6)
FNDA:0,(anonymous_7)
FNDA:0,(anonymous_8)
FNDA:0,(anonymous_9)
FNDA:0,(anonymous_10)
FNDA:0,(anonymous_11)
FNDA:0,(anonymous_12)
FNDA:0,(anonymous_13)
FNDA:1,(anonymous_14)
FNDA:0,(anonymous_15)
FNDA:0,(anonymous_16)
FNDA:0,(anonymous_17)
FNDA:0,(anonymous_18)
FNDA:0,(anonymous_19)
DA:5,2
DA:6,0
DA:9,2
DA:10,1
DA:13,2
DA:14,0
DA:16,0
DA:19,2
DA:23,0
DA:25,0
DA:28,2
DA:29,0
DA:31,0
DA:34,2
DA:35,0
DA:37,0
DA:40,2
DA:41,0
DA:43,0
DA:46,2
DA:47,1
DA:50,2
DA:51,0
DA:53,0
DA:56,2
DA:57,0
DA:61,0
LF:27
LH:12
BRF:0
BRH:0
end_of_record
TN:
SF:src/shared/components/Footer/footer.tsx
FN:8,(anonymous_0)
FN:18,(anonymous_1)
FN:23,Footer
FNF:3
FNH:3
FNDA:3,(anonymous_0)
FNDA:3,(anonymous_1)
FNDA:3,Footer
DA:6,3
DA:8,3
DA:13,3
DA:17,3
DA:18,3
DA:24,3
LF:6
LH:6
BRF:0
BRH:0
end_of_record
TN:
SF:src/shared/components/InputButtons/AddButton.tsx
FN:28,AddButton
FNF:1
FNH:0
FNDA:0,AddButton
DA:9,2
DA:29,0
LF:2
LH:1
BRF:0
BRH:0
end_of_record
TN:
SF:src/shared/components/Masks/ValueMask.tsx
FN:16,(anonymous_0)
FN:25,(anonymous_1)
FN:86,(anonymous_2)
FNF:3
FNH:3
FNDA:14,(anonymous_0)
FNDA:7,(anonymous_1)
FNDA:7,(anonymous_2)
DA:16,3
DA:17,14
DA:23,14
DA:25,14
DA:26,7
DA:27,0
DA:30,7
DA:31,7
DA:33,7
DA:35,2
DA:36,2
DA:38,2
DA:39,2
DA:41,2
DA:43,5
DA:45,2
DA:46,2
DA:48,2
DA:50,2
DA:52,2
DA:55,3
DA:57,2
DA:58,2
DA:60,2
DA:61,2
DA:62,2
DA:63,2
DA:64,2
DA:66,2
DA:69,1
DA:70,1
DA:71,1
DA:73,1
DA:74,1
DA:75,1
DA:76,1
DA:78,1
DA:81,1
DA:86,14
DA:87,7
DA:88,7
DA:90,7
DA:93,14
LF:43
LH:42
BRDA:26,0,0,0
BRDA:26,0,1,7
BRDA:33,1,0,2
BRDA:33,1,1,5
BRDA:38,2,0,2
BRDA:38,2,1,0
BRDA:39,3,0,2
BRDA:39,3,1,0
BRDA:39,4,0,2
BRDA:39,4,1,0
BRDA:39,5,0,2
BRDA:39,5,1,0
BRDA:43,6,0,2
BRDA:43,6,1,3
BRDA:48,7,0,2
BRDA:48,7,1,0
BRDA:50,8,0,2
BRDA:50,8,1,0
BRDA:50,9,0,2
BRDA:50,9,1,0
BRDA:55,10,0,2
BRDA:55,10,1,1
BRDA:60,11,0,2
BRDA:60,11,1,0
BRDA:61,12,0,2
BRDA:61,12,1,0
BRDA:62,13,0,2
BRDA:62,13,1,0
BRDA:63,14,0,2
BRDA:63,14,1,0
BRDA:69,15,0,1
BRDA:69,15,1,0
BRDA:73,16,0,1
BRDA:73,16,1,0
BRDA:74,17,0,1
BRDA:74,17,1,0
BRDA:75,18,0,1
BRDA:75,18,1,0
BRDA:76,19,0,1
BRDA:76,19,1,0
BRF:40
BRH:23
end_of_record
TN:
SF:src/shared/components/Navbar/navbar.tsx
FN:10,(anonymous_0)
FN:30,(anonymous_1)
FN:37,(anonymous_2)
FN:38,(anonymous_3)
FN:44,(anonymous_4)
FN:50,Navbar
FN:74,(anonymous_6)
FN:79,(anonymous_7)
FNF:8
FNH:7
FNDA:5,(anonymous_0)
FNDA:5,(anonymous_1)
FNDA:10,(anonymous_2)
FNDA:10,(anonymous_3)
FNDA:10,(anonymous_4)
FNDA:5,Navbar
FNDA:10,(anonymous_6)
FNDA:0,(anonymous_7)
DA:7,5
DA:10,5
DA:16,5
DA:23,5
DA:29,5
DA:30,5
DA:37,10
DA:39,10
DA:44,10
DA:51,5
DA:52,5
DA:54,5
DA:69,5
DA:75,10
DA:79,0
LF:15
LH:14
BRDA:39,0,0,5
BRDA:39,0,1,5
BRDA:86,1,0,5
BRDA:86,1,1,4
BRDA:87,2,0,0
BRDA:87,2,1,4
BRF:6
BRH:5
end_of_record
TN:
SF:src/shared/components/NavbarLogada/navbarLogada.tsx
FN:8,(anonymous_0)
FN:21,(anonymous_1)
FN:43,(anonymous_2)
FN:51,(anonymous_3)
FN:66,Navbarlog
FNF:5
FNH:5
FNDA:9,(anonymous_0)
FNDA:9,(anonymous_1)
FNDA:9,(anonymous_2)
FNDA:9,(anonymous_3)
FNDA:9,Navbarlog
DA:5,4
DA:8,9
DA:20,4
DA:21,9
DA:31,4
DA:37,4
DA:42,4
DA:43,9
DA:50,4
DA:51,9
DA:59,4
DA:67,9
LF:12
LH:12
BRF:0
BRH:0
end_of_record
TN:
SF:src/shared/components/PrimaryButton/PrimaryButton.tsx
FN:16,(anonymous_0)
FN:17,(anonymous_1)
FN:25,PrimaryButton
FNF:3
FNH:3
FNDA:22,(anonymous_0)
FNDA:22,(anonymous_1)
FNDA:22,PrimaryButton
DA:10,8
DA:16,22
DA:17,22
DA:26,22
LF:4
LH:4
BRF:0
BRH:0
end_of_record
TN:
SF:src/shared/components/Sidebar/sidebar.tsx
FN:19,(anonymous_0)
FN:29,(anonymous_1)
FN:30,(anonymous_2)
FN:31,(anonymous_3)
FN:32,(anonymous_4)
FN:53,Sidebar
FN:135,(anonymous_6)
FN:145,(anonymous_7)
FNF:8
FNH:7
FNDA:45,(anonymous_0)
FNDA:45,(anonymous_1)
FNDA:45,(anonymous_2)
FNDA:45,(anonymous_3)
FNDA:45,(anonymous_4)
FNDA:9,Sidebar
FNDA:0,(anonymous_6)
FNDA:45,(anonymous_7)
DA:12,4
DA:19,45
DA:29,45
DA:30,45
DA:31,45
DA:32,45
DA:35,4
DA:43,4
DA:54,9
DA:55,9
DA:56,9
DA:58,9
DA:136,0
DA:137,0
DA:142,9
DA:146,45
LF:16
LH:14
BRDA:29,0,0,45
BRDA:29,0,1,9
BRDA:30,1,0,9
BRDA:30,1,1,36
BRDA:31,2,0,9
BRDA:31,2,1,36
BRDA:32,3,0,45
BRDA:32,3,1,9
BRDA:65,4,0,9
BRDA:65,4,1,0
BRDA:76,5,0,0
BRDA:76,5,1,9
BRDA:87,6,0,0
BRDA:87,6,1,9
BRDA:109,7,0,0
BRDA:109,7,1,9
BRDA:131,8,0,0
BRDA:131,8,1,9
BRF:18
BRH:13
end_of_record
TN:
SF:src/shared/components/Style/style.tsx
FN:3,(anonymous_0)
FN:7,(anonymous_1)
FN:12,(anonymous_2)
FN:21,(anonymous_3)
FN:32,(anonymous_4)
FN:42,(anonymous_5)
FN:52,(anonymous_6)
FNF:7
FNH:7
FNDA:8,(anonymous_0)
FNDA:8,(anonymous_1)
FNDA:8,(anonymous_2)
FNDA:8,(anonymous_3)
FNDA:8,(anonymous_4)
FNDA:8,(anonymous_5)
FNDA:8,(anonymous_6)
DA:3,3
DA:4,8
DA:7,8
DA:12,3
DA:13,8
DA:21,3
DA:22,8
DA:32,3
DA:33,8
DA:42,3
DA:43,8
DA:52,3
DA:53,8
LF:13
LH:13
BRF:0
BRH:0
end_of_record
TN:
SF:src/shared/components/TablePagination/tablePagination.tsx
FN:9,TablePagination
FNF:1
FNH:1
FNDA:9,TablePagination
DA:10,9
LF:1
LH:1
BRF:0
BRH:0
end_of_record
TN:
SF:src/shared/components/Title/Title.tsx
FN:9,(anonymous_0)
FN:10,(anonymous_1)
FN:11,(anonymous_2)
FNF:3
FNH:3
FNDA:1,(anonymous_0)
FNDA:1,(anonymous_1)
FNDA:1,(anonymous_2)
DA:8,2
DA:9,1
DA:10,1
DA:11,1
LF:4
LH:4
BRF:0
BRH:0
end_of_record
TN:
SF:src/shared/functions/removeSpecialCharacters.tsx
FN:1,removeSpecialCharacters
FNF:1
FNH:1
FNDA:5,removeSpecialCharacters
DA:2,5
DA:3,5
DA:5,0
LF:3
LH:2
BRDA:2,0,0,5
BRDA:2,0,1,0
BRDA:2,1,0,5
BRDA:2,1,1,0
BRF:4
BRH:2
end_of_record
TN:
SF:src/shared/functions/validarCPF.tsx
FN:1,(anonymous_0)
FNF:1
FNH:1
FNDA:2,(anonymous_0)
DA:1,3
DA:2,2
DA:5,2
DA:6,0
DA:10,2
DA:11,0
DA:15,2
DA:16,2
DA:17,18
DA:19,2
DA:20,2
DA:21,0
DA:23,2
DA:24,0
DA:28,2
DA:29,2
DA:30,20
DA:32,2
DA:33,2
DA:34,0
DA:36,2
DA:37,0
DA:40,2
LF:23
LH:17
BRDA:5,0,0,0
BRDA:5,0,1,2
BRDA:10,1,0,0
BRDA:10,1,1,2
BRDA:20,2,0,0
BRDA:20,2,1,2
BRDA:20,3,0,2
BRDA:20,3,1,2
BRDA:23,4,0,0
BRDA:23,4,1,2
BRDA:33,5,0,0
BRDA:33,5,1,2
BRDA:33,6,0,2
BRDA:33,6,1,2
BRDA:36,7,0,0
BRDA:36,7,1,2
BRF:16
BRH:10
end_of_record
TN:
SF:src/styles/theme.ts
FNF:0
FNH:0
DA:1,8
LF:1
LH:1
BRF:0
BRH:0
end_of_record
