TN:
SF:src/routes.tsx
FN:23,(anonymous_0)
FN:39,AppRoutes
FNF:2
FNH:0
FNDA:0,(anonymous_0)
FNDA:0,AppRoutes
DA:23,0
DA:26,0
DA:28,0
DA:29,0
DA:35,0
DA:36,0
DA:40,0
LF:7
LH:0
BRDA:28,0,0,0
BRDA:28,0,1,0
BRDA:36,1,0,0
BRDA:36,1,1,0
BRF:4
BRH:0
end_of_record
TN:
SF:src/context/AuthProvider.tsx
FN:29,(anonymous_0)
FN:33,authenticate
FN:46,(anonymous_2)
FN:47,loadUser
FN:50,(anonymous_4)
FN:62,logout
FNF:6
FNH:0
FNDA:0,(anonymous_0)
FNDA:0,authenticate
FNDA:0,(anonymous_2)
FNDA:0,loadUser
FNDA:0,(anonymous_4)
FNDA:0,logout
DA:26,1
DA:29,1
DA:30,0
DA:31,0
DA:34,0
DA:36,0
DA:41,0
DA:42,0
DA:43,0
DA:46,0
DA:48,0
DA:50,0
DA:52,0
DA:53,0
DA:55,0
DA:59,0
DA:63,0
DA:64,0
DA:67,0
LF:19
LH:2
BRDA:52,0,0,0
BRDA:52,0,1,0
BRF:2
BRH:0
end_of_record
TN:
SF:src/pages/alunas/alunas.tsx
FN:68,Alunas
FN:74,(anonymous_1)
FN:75,(anonymous_2)
FN:81,(anonymous_3)
FN:82,(anonymous_4)
FN:94,transformDate
FN:100,(anonymous_6)
FN:185,(anonymous_7)
FN:193,(anonymous_8)
FN:199,(anonymous_9)
FN:226,(anonymous_10)
FN:227,(anonymous_11)
FN:242,(anonymous_12)
FN:243,(anonymous_13)
FN:268,(anonymous_14)
FN:350,(anonymous_15)
FN:355,(anonymous_16)
FN:368,(anonymous_17)
FN:370,(anonymous_18)
FN:476,(anonymous_19)
FN:485,(anonymous_20)
FN:514,(anonymous_21)
FN:523,(anonymous_22)
FN:592,(anonymous_23)
FNF:24
FNH:0
FNDA:0,Alunas
FNDA:0,(anonymous_1)
FNDA:0,(anonymous_2)
FNDA:0,(anonymous_3)
FNDA:0,(anonymous_4)
FNDA:0,transformDate
FNDA:0,(anonymous_6)
FNDA:0,(anonymous_7)
FNDA:0,(anonymous_8)
FNDA:0,(anonymous_9)
FNDA:0,(anonymous_10)
FNDA:0,(anonymous_11)
FNDA:0,(anonymous_12)
FNDA:0,(anonymous_13)
FNDA:0,(anonymous_14)
FNDA:0,(anonymous_15)
FNDA:0,(anonymous_16)
FNDA:0,(anonymous_17)
FNDA:0,(anonymous_18)
FNDA:0,(anonymous_19)
FNDA:0,(anonymous_20)
FNDA:0,(anonymous_21)
FNDA:0,(anonymous_22)
FNDA:0,(anonymous_23)
DA:61,0
DA:62,0
DA:63,0
DA:64,0
DA:65,0
DA:66,0
DA:70,0
DA:71,0
DA:72,0
DA:73,0
DA:74,0
DA:75,0
DA:76,0
DA:77,0
DA:78,0
DA:79,0
DA:80,0
DA:81,0
DA:82,0
DA:84,0
DA:92,0
DA:95,0
DA:96,0
DA:97,0
DA:100,0
DA:102,0
DA:121,0
DA:122,0
DA:123,0
DA:126,0
DA:127,0
DA:128,0
DA:131,0
DA:132,0
DA:133,0
DA:137,0
DA:139,0
DA:141,0
DA:142,0
DA:143,0
DA:145,0
DA:147,0
DA:149,0
DA:150,0
DA:151,0
DA:154,0
DA:155,0
DA:156,0
DA:159,0
DA:160,0
DA:161,0
DA:164,0
DA:165,0
DA:166,0
DA:170,0
DA:171,0
DA:172,0
DA:173,0
DA:175,0
DA:176,0
DA:177,0
DA:178,0
DA:180,0
DA:182,0
DA:185,0
DA:186,0
DA:187,0
DA:188,0
DA:190,0
DA:193,0
DA:195,0
DA:197,0
DA:198,0
DA:199,0
DA:201,0
DA:202,0
DA:204,0
DA:222,0
DA:226,0
DA:227,0
DA:228,0
DA:229,0
DA:230,0
DA:231,0
DA:232,0
DA:234,0
DA:237,0
DA:238,0
DA:242,0
DA:243,0
DA:244,0
DA:245,0
DA:249,0
DA:251,0
DA:252,0
DA:253,0
DA:254,0
DA:255,0
DA:256,0
DA:257,0
DA:258,0
DA:259,0
DA:260,0
DA:261,0
DA:262,0
DA:264,0
DA:268,0
DA:271,0
DA:272,0
DA:273,0
DA:276,0
DA:277,0
DA:278,0
DA:281,0
DA:282,0
DA:283,0
DA:286,0
DA:288,0
DA:290,0
DA:291,0
DA:292,0
DA:294,0
DA:296,0
DA:298,0
DA:299,0
DA:300,0
DA:303,0
DA:304,0
DA:305,0
DA:309,0
DA:310,0
DA:311,0
DA:312,0
DA:315,0
DA:332,0
DA:333,0
DA:334,0
DA:336,0
DA:338,0
DA:339,0
DA:344,0
DA:350,0
DA:356,0
DA:357,0
DA:358,0
DA:369,0
DA:370,0
DA:371,0
DA:372,0
DA:373,0
DA:387,0
DA:477,0
DA:486,0
DA:515,0
DA:524,0
DA:592,0
LF:156
LH:0
BRDA:122,0,0,0
BRDA:122,0,1,0
BRDA:127,1,0,0
BRDA:127,1,1,0
BRDA:132,2,0,0
BRDA:132,2,1,0
BRDA:141,3,0,0
BRDA:141,3,1,0
BRDA:150,4,0,0
BRDA:150,4,1,0
BRDA:155,5,0,0
BRDA:155,5,1,0
BRDA:160,6,0,0
BRDA:160,6,1,0
BRDA:165,7,0,0
BRDA:165,7,1,0
BRDA:176,8,0,0
BRDA:176,8,1,0
BRDA:187,9,0,0
BRDA:187,9,1,0
BRDA:198,10,0,0
BRDA:198,10,1,0
BRDA:198,11,0,0
BRDA:198,11,1,0
BRDA:228,12,0,0
BRDA:228,12,1,0
BRDA:231,13,0,0
BRDA:231,13,1,0
BRDA:244,14,0,0
BRDA:244,14,1,0
BRDA:272,15,0,0
BRDA:272,15,1,0
BRDA:277,16,0,0
BRDA:277,16,1,0
BRDA:282,17,0,0
BRDA:282,17,1,0
BRDA:290,18,0,0
BRDA:290,18,1,0
BRDA:299,19,0,0
BRDA:299,19,1,0
BRDA:304,20,0,0
BRDA:304,20,1,0
BRDA:333,21,0,0
BRDA:333,21,1,0
BRDA:333,22,0,0
BRDA:333,22,1,0
BRDA:371,23,0,0
BRDA:371,23,1,0
BRDA:469,24,0,0
BRDA:469,24,1,0
BRDA:473,25,0,0
BRDA:473,25,1,0
BRDA:507,26,0,0
BRDA:507,26,1,0
BRDA:511,27,0,0
BRDA:511,27,1,0
BRDA:534,28,0,0
BRDA:534,28,1,0
BRF:58
BRH:0
end_of_record
TN:
SF:src/pages/alunas/tests/alunas.mock.ts
FN:10,(anonymous_0)
FN:24,(anonymous_1)
FN:25,(anonymous_2)
FNF:3
FNH:0
FNDA:0,(anonymous_0)
FNDA:0,(anonymous_1)
FNDA:0,(anonymous_2)
DA:6,0
DA:7,0
DA:10,0
DA:11,0
DA:12,0
DA:15,0
DA:17,0
DA:20,0
DA:24,0
DA:25,0
LF:10
LH:0
BRDA:15,0,0,0
BRDA:15,0,1,0
BRDA:15,1,0,0
BRDA:15,1,1,0
BRF:4
BRH:0
end_of_record
TN:
SF:src/pages/assistentes/assistentes.tsx
FN:55,transformDate
FN:68,Assistentes
FN:76,(anonymous_2)
FN:77,(anonymous_3)
FN:78,(anonymous_4)
FN:79,(anonymous_5)
FN:90,(anonymous_6)
FN:167,(anonymous_7)
FN:175,(anonymous_8)
FN:180,(anonymous_9)
FN:202,(anonymous_10)
FN:203,(anonymous_11)
FN:219,(anonymous_12)
FN:220,(anonymous_13)
FN:238,(anonymous_14)
FN:316,(anonymous_15)
FN:320,(anonymous_16)
FN:330,(anonymous_17)
FN:428,(anonymous_18)
FN:437,(anonymous_19)
FN:469,(anonymous_20)
FN:478,(anonymous_21)
FN:511,(anonymous_22)
FNF:23
FNH:17
FNDA:2,transformDate
FNDA:12,Assistentes
FNDA:1,(anonymous_2)
FNDA:1,(anonymous_3)
FNDA:2,(anonymous_4)
FNDA:0,(anonymous_5)
FNDA:1,(anonymous_6)
FNDA:2,(anonymous_7)
FNDA:4,(anonymous_8)
FNDA:2,(anonymous_9)
FNDA:1,(anonymous_10)
FNDA:1,(anonymous_11)
FNDA:1,(anonymous_12)
FNDA:1,(anonymous_13)
FNDA:1,(anonymous_14)
FNDA:14,(anonymous_15)
FNDA:1,(anonymous_16)
FNDA:1,(anonymous_17)
FNDA:0,(anonymous_18)
FNDA:0,(anonymous_19)
FNDA:0,(anonymous_20)
FNDA:0,(anonymous_21)
FNDA:0,(anonymous_22)
DA:56,2
DA:57,2
DA:58,2
DA:61,1
DA:62,1
DA:63,1
DA:64,1
DA:65,1
DA:66,1
DA:69,12
DA:70,12
DA:71,12
DA:72,12
DA:73,12
DA:74,12
DA:75,12
DA:76,12
DA:77,12
DA:78,12
DA:79,12
DA:80,12
DA:81,12
DA:88,12
DA:90,12
DA:91,1
DA:106,1
DA:107,1
DA:108,0
DA:111,1
DA:112,1
DA:113,0
DA:116,1
DA:117,1
DA:118,0
DA:122,1
DA:124,1
DA:126,1
DA:127,0
DA:128,0
DA:130,1
DA:132,1
DA:134,1
DA:135,1
DA:136,0
DA:139,1
DA:140,1
DA:141,0
DA:144,1
DA:145,1
DA:146,0
DA:149,1
DA:150,1
DA:151,0
DA:154,1
DA:155,1
DA:156,1
DA:158,1
DA:160,1
DA:161,1
DA:162,1
DA:163,1
DA:167,12
DA:168,2
DA:169,2
DA:170,2
DA:172,0
DA:175,12
DA:176,4
DA:178,4
DA:179,4
DA:180,2
DA:182,2
DA:183,2
DA:185,2
DA:199,4
DA:202,12
DA:203,1
DA:204,1
DA:205,1
DA:206,1
DA:208,1
DA:209,1
DA:211,0
DA:214,1
DA:215,1
DA:219,12
DA:220,1
DA:221,1
DA:222,1
DA:226,1
DA:227,1
DA:229,1
DA:230,1
DA:231,1
DA:232,1
DA:233,1
DA:234,1
DA:235,1
DA:238,12
DA:241,1
DA:242,1
DA:243,0
DA:246,1
DA:247,1
DA:248,0
DA:251,1
DA:252,1
DA:253,0
DA:256,1
DA:258,1
DA:260,1
DA:261,0
DA:262,0
DA:264,1
DA:266,1
DA:268,1
DA:269,1
DA:270,0
DA:273,1
DA:274,1
DA:275,0
DA:279,1
DA:280,1
DA:281,1
DA:282,1
DA:285,1
DA:297,1
DA:298,1
DA:299,1
DA:300,1
DA:301,1
DA:302,1
DA:310,12
DA:316,14
DA:321,1
DA:331,1
DA:332,1
DA:351,12
DA:429,0
DA:438,0
DA:470,0
DA:479,0
DA:511,0
LF:143
LH:120
BRDA:107,0,0,0
BRDA:107,0,1,1
BRDA:112,1,0,0
BRDA:112,1,1,1
BRDA:117,2,0,0
BRDA:117,2,1,1
BRDA:126,3,0,0
BRDA:126,3,1,1
BRDA:135,4,0,0
BRDA:135,4,1,1
BRDA:140,5,0,0
BRDA:140,5,1,1
BRDA:145,6,0,0
BRDA:145,6,1,1
BRDA:150,7,0,0
BRDA:150,7,1,1
BRDA:160,8,0,1
BRDA:160,8,1,0
BRDA:169,9,0,2
BRDA:169,9,1,0
BRDA:179,10,0,2
BRDA:179,10,1,2
BRDA:179,11,0,4
BRDA:179,11,1,2
BRDA:204,12,0,1
BRDA:204,12,1,0
BRDA:208,13,0,1
BRDA:208,13,1,0
BRDA:221,14,0,1
BRDA:221,14,1,0
BRDA:242,15,0,0
BRDA:242,15,1,1
BRDA:247,16,0,0
BRDA:247,16,1,1
BRDA:252,17,0,0
BRDA:252,17,1,1
BRDA:260,18,0,0
BRDA:260,18,1,1
BRDA:269,19,0,0
BRDA:269,19,1,1
BRDA:274,20,0,0
BRDA:274,20,1,1
BRDA:298,21,0,1
BRDA:298,21,1,0
BRDA:421,22,0,0
BRDA:421,22,1,12
BRDA:425,23,0,0
BRDA:425,23,1,12
BRDA:462,24,0,0
BRDA:462,24,1,12
BRDA:466,25,0,0
BRDA:466,25,1,12
BRDA:489,26,0,12
BRDA:489,26,1,0
BRF:54
BRH:29
end_of_record
TN:
SF:src/pages/assistentes/tests/assistentes.mock.tsx
FN:39,(anonymous_0)
FN:40,(anonymous_1)
FN:43,(anonymous_2)
FN:44,(anonymous_3)
FNF:4
FNH:2
FNDA:1,(anonymous_0)
FNDA:1,(anonymous_1)
FNDA:0,(anonymous_2)
FNDA:0,(anonymous_3)
DA:6,1
DA:7,1
DA:10,1
DA:39,1
DA:40,1
DA:43,1
DA:44,0
LF:7
LH:6
BRF:0
BRH:0
end_of_record
TN:
SF:src/pages/home/home.tsx
FN:9,(anonymous_0)
FN:26,(anonymous_1)
FN:32,(anonymous_2)
FN:53,(anonymous_3)
FN:67,(anonymous_4)
FN:71,(anonymous_5)
FN:77,(anonymous_6)
FN:87,Home
FNF:8
FNH:0
FNDA:0,(anonymous_0)
FNDA:0,(anonymous_1)
FNDA:0,(anonymous_2)
FNDA:0,(anonymous_3)
FNDA:0,(anonymous_4)
FNDA:0,(anonymous_5)
FNDA:0,(anonymous_6)
FNDA:0,Home
DA:8,0
DA:9,0
DA:16,0
DA:21,0
DA:25,0
DA:26,0
DA:31,0
DA:32,0
DA:38,0
DA:45,0
DA:51,0
DA:53,0
DA:59,0
DA:64,0
DA:67,0
DA:70,0
DA:71,0
DA:76,0
DA:77,0
DA:81,0
DA:90,0
LF:21
LH:0
BRF:0
BRH:0
end_of_record
TN:
SF:src/pages/login/login.tsx
FN:29,(anonymous_0)
FN:35,(anonymous_1)
FN:57,(anonymous_2)
FN:63,(anonymous_3)
FN:67,Login
FN:75,(anonymous_5)
FN:80,(anonymous_6)
FNF:7
FNH:0
FNDA:0,(anonymous_0)
FNDA:0,(anonymous_1)
FNDA:0,(anonymous_2)
FNDA:0,(anonymous_3)
FNDA:0,Login
FNDA:0,(anonymous_5)
FNDA:0,(anonymous_6)
DA:19,0
DA:24,0
DA:29,0
DA:32,0
DA:35,0
DA:45,0
DA:54,0
DA:57,0
DA:60,0
DA:63,0
DA:73,0
DA:74,0
DA:75,0
DA:76,0
DA:77,0
DA:78,0
DA:80,0
DA:81,0
DA:82,0
DA:84,0
DA:85,0
DA:87,0
DA:88,0
DA:89,0
DA:91,0
DA:92,0
DA:95,0
DA:96,0
DA:100,0
LF:29
LH:0
BRDA:87,0,0,0
BRDA:87,0,1,0
BRDA:122,1,0,0
BRDA:122,1,1,0
BRDA:126,2,0,0
BRDA:126,2,1,0
BRDA:148,3,0,0
BRDA:148,3,1,0
BRF:8
BRH:0
end_of_record
TN:
SF:src/pages/receitas/receitas.tsx
FN:52,(anonymous_0)
FN:131,Receitas
FN:133,(anonymous_2)
FN:134,(anonymous_3)
FN:149,(anonymous_4)
FN:150,(anonymous_5)
FN:153,(anonymous_6)
FN:167,(anonymous_7)
FN:171,(anonymous_8)
FN:180,(anonymous_9)
FN:193,(anonymous_10)
FN:203,addInputIngred
FN:208,(anonymous_12)
FN:214,addInputModPrep
FN:219,(anonymous_14)
FN:224,remInputPrep
FN:227,(anonymous_16)
FN:232,remInputIngre
FN:235,(anonymous_18)
FN:240,openReceita
FN:260,(anonymous_20)
FN:264,(anonymous_21)
FN:320,(anonymous_22)
FN:330,(anonymous_23)
FN:345,(anonymous_24)
FN:355,(anonymous_25)
FNF:26
FNH:0
FNDA:0,(anonymous_0)
FNDA:0,Receitas
FNDA:0,(anonymous_2)
FNDA:0,(anonymous_3)
FNDA:0,(anonymous_4)
FNDA:0,(anonymous_5)
FNDA:0,(anonymous_6)
FNDA:0,(anonymous_7)
FNDA:0,(anonymous_8)
FNDA:0,(anonymous_9)
FNDA:0,(anonymous_10)
FNDA:0,addInputIngred
FNDA:0,(anonymous_12)
FNDA:0,addInputModPrep
FNDA:0,(anonymous_14)
FNDA:0,remInputPrep
FNDA:0,(anonymous_16)
FNDA:0,remInputIngre
FNDA:0,(anonymous_18)
FNDA:0,openReceita
FNDA:0,(anonymous_20)
FNDA:0,(anonymous_21)
FNDA:0,(anonymous_22)
FNDA:0,(anonymous_23)
FNDA:0,(anonymous_24)
FNDA:0,(anonymous_25)
DA:28,0
DA:44,0
DA:51,0
DA:52,0
DA:58,0
DA:66,0
DA:75,0
DA:83,0
DA:87,0
DA:95,0
DA:132,0
DA:133,0
DA:134,0
DA:135,0
DA:138,0
DA:139,0
DA:140,0
DA:146,0
DA:147,0
DA:149,0
DA:150,0
DA:151,0
DA:152,0
DA:153,0
DA:154,0
DA:162,0
DA:167,0
DA:168,0
DA:169,0
DA:171,0
DA:172,0
DA:173,0
DA:177,0
DA:178,0
DA:180,0
DA:181,0
DA:182,0
DA:186,0
DA:193,0
DA:194,0
DA:195,0
DA:197,0
DA:200,0
DA:204,0
DA:205,0
DA:206,0
DA:207,0
DA:208,0
DA:209,0
DA:215,0
DA:216,0
DA:217,0
DA:218,0
DA:219,0
DA:220,0
DA:225,0
DA:226,0
DA:227,0
DA:228,0
DA:233,0
DA:234,0
DA:235,0
DA:236,0
DA:241,0
DA:244,0
DA:261,0
DA:264,0
DA:322,0
DA:330,0
DA:347,0
DA:355,0
LF:71
LH:0
BRDA:152,0,0,0
BRDA:152,0,1,0
BRDA:172,1,0,0
BRDA:172,1,1,0
BRDA:181,2,0,0
BRDA:181,2,1,0
BRDA:194,3,0,0
BRDA:194,3,1,0
BRDA:252,4,0,0
BRDA:252,4,1,0
BRF:10
BRH:0
end_of_record
TN:
SF:src/pages/receitas/receitasInstrucao.tsx
FN:16,(anonymous_0)
FN:151,ReceitasInstrucao
FN:156,(anonymous_2)
FN:157,(anonymous_3)
FN:166,(anonymous_4)
FN:167,(anonymous_5)
FN:187,(anonymous_6)
FN:206,(anonymous_7)
FN:222,(anonymous_8)
FNF:9
FNH:0
FNDA:0,(anonymous_0)
FNDA:0,ReceitasInstrucao
FNDA:0,(anonymous_2)
FNDA:0,(anonymous_3)
FNDA:0,(anonymous_4)
FNDA:0,(anonymous_5)
FNDA:0,(anonymous_6)
FNDA:0,(anonymous_7)
FNDA:0,(anonymous_8)
DA:15,0
DA:16,0
DA:23,0
DA:32,0
DA:37,0
DA:44,0
DA:49,0
DA:56,0
DA:65,0
DA:106,0
DA:146,0
DA:152,0
DA:153,0
DA:154,0
DA:156,0
DA:157,0
DA:158,0
DA:159,0
DA:161,0
DA:166,0
DA:167,0
DA:168,0
DA:169,0
DA:174,0
DA:187,0
DA:207,0
DA:223,0
LF:27
LH:0
BRDA:158,0,0,0
BRDA:158,0,1,0
BRDA:168,1,0,0
BRDA:168,1,1,0
BRDA:184,2,0,0
BRDA:184,2,1,0
BRDA:205,3,0,0
BRDA:205,3,1,0
BRF:8
BRH:0
end_of_record
TN:
SF:src/pages/turmas/turmas.tsx
FN:62,(anonymous_0)
FN:114,Turmas
FN:123,(anonymous_2)
FN:124,(anonymous_3)
FN:126,(anonymous_4)
FN:127,(anonymous_5)
FN:128,(anonymous_6)
FN:129,(anonymous_7)
FN:142,(anonymous_8)
FN:162,(anonymous_9)
FN:165,(anonymous_10)
FN:216,(anonymous_11)
FN:234,(anonymous_12)
FN:254,(anonymous_13)
FN:272,(anonymous_14)
FN:281,(anonymous_15)
FN:295,(anonymous_16)
FN:300,(anonymous_17)
FN:316,(anonymous_18)
FN:325,(anonymous_19)
FN:329,(anonymous_20)
FN:343,(anonymous_21)
FN:347,(anonymous_22)
FN:351,(anonymous_23)
FN:371,(anonymous_24)
FN:376,(anonymous_25)
FN:388,(anonymous_26)
FN:402,(anonymous_27)
FN:411,(anonymous_28)
FN:458,(anonymous_29)
FN:537,(anonymous_30)
FN:606,(anonymous_31)
FN:659,(anonymous_32)
FN:664,(anonymous_33)
FN:712,(anonymous_34)
FN:715,(anonymous_35)
FN:718,(anonymous_36)
FN:731,(anonymous_37)
FNF:38
FNH:0
FNDA:0,(anonymous_0)
FNDA:0,Turmas
FNDA:0,(anonymous_2)
FNDA:0,(anonymous_3)
FNDA:0,(anonymous_4)
FNDA:0,(anonymous_5)
FNDA:0,(anonymous_6)
FNDA:0,(anonymous_7)
FNDA:0,(anonymous_8)
FNDA:0,(anonymous_9)
FNDA:0,(anonymous_10)
FNDA:0,(anonymous_11)
FNDA:0,(anonymous_12)
FNDA:0,(anonymous_13)
FNDA:0,(anonymous_14)
FNDA:0,(anonymous_15)
FNDA:0,(anonymous_16)
FNDA:0,(anonymous_17)
FNDA:0,(anonymous_18)
FNDA:0,(anonymous_19)
FNDA:0,(anonymous_20)
FNDA:0,(anonymous_21)
FNDA:0,(anonymous_22)
FNDA:0,(anonymous_23)
FNDA:0,(anonymous_24)
FNDA:0,(anonymous_25)
FNDA:0,(anonymous_26)
FNDA:0,(anonymous_27)
FNDA:0,(anonymous_28)
FNDA:0,(anonymous_29)
FNDA:0,(anonymous_30)
FNDA:0,(anonymous_31)
FNDA:0,(anonymous_32)
FNDA:0,(anonymous_33)
FNDA:0,(anonymous_34)
FNDA:0,(anonymous_35)
FNDA:0,(anonymous_36)
FNDA:0,(anonymous_37)
DA:59,0
DA:62,0
DA:66,0
DA:73,0
DA:82,0
DA:90,0
DA:98,0
DA:115,0
DA:116,0
DA:117,0
DA:118,0
DA:119,0
DA:120,0
DA:121,0
DA:122,0
DA:123,0
DA:124,0
DA:125,0
DA:126,0
DA:127,0
DA:128,0
DA:129,0
DA:130,0
DA:131,0
DA:132,0
DA:133,0
DA:139,0
DA:140,0
DA:142,0
DA:143,0
DA:153,0
DA:154,0
DA:155,0
DA:156,0
DA:158,0
DA:162,0
DA:163,0
DA:164,0
DA:165,0
DA:166,0
DA:167,0
DA:178,0
DA:179,0
DA:190,0
DA:191,0
DA:213,0
DA:216,0
DA:217,0
DA:218,0
DA:219,0
DA:220,0
DA:221,0
DA:223,0
DA:226,0
DA:230,0
DA:231,0
DA:234,0
DA:235,0
DA:245,0
DA:246,0
DA:247,0
DA:249,0
DA:251,0
DA:254,0
DA:255,0
DA:260,0
DA:261,0
DA:263,0
DA:264,0
DA:265,0
DA:266,0
DA:268,0
DA:272,0
DA:273,0
DA:274,0
DA:275,0
DA:276,0
DA:278,0
DA:280,0
DA:281,0
DA:282,0
DA:286,0
DA:295,0
DA:301,0
DA:302,0
DA:303,0
DA:310,0
DA:316,0
DA:317,0
DA:318,0
DA:319,0
DA:321,0
DA:325,0
DA:326,0
DA:327,0
DA:328,0
DA:329,0
DA:330,0
DA:337,0
DA:339,0
DA:343,0
DA:344,0
DA:347,0
DA:348,0
DA:351,0
DA:352,0
DA:353,0
DA:354,0
DA:358,0
DA:371,0
DA:377,0
DA:378,0
DA:379,0
DA:380,0
DA:381,0
DA:389,0
DA:390,0
DA:391,0
DA:392,0
DA:393,0
DA:394,0
DA:395,0
DA:403,0
DA:404,0
DA:412,0
DA:413,0
DA:420,0
DA:459,0
DA:537,0
DA:606,0
DA:659,0
DA:664,0
DA:713,0
DA:714,0
DA:715,0
DA:717,0
DA:719,0
DA:732,0
LF:138
LH:0
BRDA:154,0,0,0
BRDA:154,0,1,0
BRDA:166,1,0,0
BRDA:166,1,1,0
BRDA:178,2,0,0
BRDA:178,2,1,0
BRDA:190,3,0,0
BRDA:190,3,1,0
BRDA:218,4,0,0
BRDA:218,4,1,0
BRDA:220,5,0,0
BRDA:220,5,1,0
BRDA:246,6,0,0
BRDA:246,6,1,0
BRDA:246,7,0,0
BRDA:246,7,1,0
BRDA:260,8,0,0
BRDA:260,8,1,0
BRDA:264,9,0,0
BRDA:264,9,1,0
BRDA:274,10,0,0
BRDA:274,10,1,0
BRDA:318,11,0,0
BRDA:318,11,1,0
BRDA:328,12,0,0
BRDA:328,12,1,0
BRDA:353,13,0,0
BRDA:353,13,1,0
BRDA:728,14,0,0
BRDA:728,14,1,0
BRF:30
BRH:0
end_of_record
TN:
SF:src/pages/turmas/tests/turmas.mock.tsx
FN:11,(anonymous_0)
FN:12,(anonymous_1)
FNF:2
FNH:0
FNDA:0,(anonymous_0)
FNDA:0,(anonymous_1)
DA:5,0
DA:6,0
DA:9,0
DA:11,0
DA:12,0
LF:5
LH:0
BRF:0
BRH:0
end_of_record
TN:
SF:src/services/alunas.tsx
FN:4,(anonymous_0)
FN:13,(anonymous_1)
FN:17,(anonymous_2)
FN:18,(anonymous_3)
FN:21,(anonymous_4)
FN:45,(anonymous_5)
FN:48,(anonymous_6)
FN:49,(anonymous_7)
FNF:8
FNH:0
FNDA:0,(anonymous_0)
FNDA:0,(anonymous_1)
FNDA:0,(anonymous_2)
FNDA:0,(anonymous_3)
FNDA:0,(anonymous_4)
FNDA:0,(anonymous_5)
FNDA:0,(anonymous_6)
FNDA:0,(anonymous_7)
DA:4,0
DA:5,0
DA:6,0
DA:7,0
DA:9,0
DA:13,0
DA:15,0
DA:17,0
DA:18,0
DA:21,0
DA:23,0
DA:24,0
DA:25,0
DA:29,0
DA:33,0
DA:41,0
DA:45,0
DA:46,0
DA:48,0
DA:49,0
LF:20
LH:0
BRDA:29,0,0,0
BRDA:29,0,1,0
BRDA:33,1,0,0
BRDA:33,1,1,0
BRF:4
BRH:0
end_of_record
TN:
SF:src/services/api.tsx
FN:11,(anonymous_0)
FN:16,(anonymous_1)
FNF:2
FNH:1
FNDA:2,(anonymous_0)
FNDA:0,(anonymous_1)
DA:6,1
DA:10,1
DA:12,2
DA:13,2
DA:14,2
LF:5
LH:5
BRF:0
BRH:0
end_of_record
TN:
SF:src/services/assistentes.tsx
FN:4,(anonymous_0)
FN:15,(anonymous_1)
FN:19,(anonymous_2)
FN:20,(anonymous_3)
FN:23,(anonymous_4)
FN:29,(anonymous_5)
FN:30,(anonymous_6)
FN:34,(anonymous_7)
FN:37,(anonymous_8)
FN:38,(anonymous_9)
FNF:10
FNH:2
FNDA:0,(anonymous_0)
FNDA:2,(anonymous_1)
FNDA:0,(anonymous_2)
FNDA:2,(anonymous_3)
FNDA:0,(anonymous_4)
FNDA:0,(anonymous_5)
FNDA:0,(anonymous_6)
FNDA:0,(anonymous_7)
FNDA:0,(anonymous_8)
FNDA:0,(anonymous_9)
DA:4,1
DA:6,0
DA:7,0
DA:8,0
DA:11,0
DA:15,1
DA:17,2
DA:19,0
DA:20,2
DA:23,1
DA:27,0
DA:29,0
DA:30,0
DA:34,1
DA:35,0
DA:37,0
DA:38,0
LF:17
LH:6
BRF:0
BRH:0
end_of_record
TN:
SF:src/services/auth.tsx
FN:9,LoginRequest
FN:30,setUserLocalStorage
FN:34,getUserLocalStorage
FNF:3
FNH:1
FNDA:0,LoginRequest
FNDA:0,setUserLocalStorage
FNDA:2,getUserLocalStorage
DA:5,1
DA:10,0
DA:11,0
DA:12,0
DA:13,0
DA:15,0
DA:17,0
DA:18,0
DA:21,0
DA:26,0
DA:31,0
DA:35,2
DA:37,2
DA:38,2
DA:41,0
LF:15
LH:4
BRDA:17,0,0,0
BRDA:17,0,1,0
BRDA:37,1,0,2
BRDA:37,1,1,0
BRF:4
BRH:1
end_of_record
TN:
SF:src/services/queryClient.tsx
FNF:0
FNH:0
DA:3,1
LF:1
LH:1
BRF:0
BRH:0
end_of_record
TN:
SF:src/services/turmas.tsx
FN:5,(anonymous_0)
FN:6,(anonymous_1)
FN:9,(anonymous_2)
FN:10,(anonymous_3)
FN:13,(anonymous_4)
FN:16,(anonymous_5)
FN:19,(anonymous_6)
FN:25,(anonymous_7)
FN:28,(anonymous_8)
FN:31,(anonymous_9)
FN:34,(anonymous_10)
FN:37,(anonymous_11)
FN:40,(anonymous_12)
FN:43,(anonymous_13)
FN:46,(anonymous_14)
FN:47,(anonymous_15)
FN:50,(anonymous_16)
FN:53,(anonymous_17)
FN:56,(anonymous_18)
FN:60,(anonymous_19)
FNF:20
FNH:0
FNDA:0,(anonymous_0)
FNDA:0,(anonymous_1)
FNDA:0,(anonymous_2)
FNDA:0,(anonymous_3)
FNDA:0,(anonymous_4)
FNDA:0,(anonymous_5)
FNDA:0,(anonymous_6)
FNDA:0,(anonymous_7)
FNDA:0,(anonymous_8)
FNDA:0,(anonymous_9)
FNDA:0,(anonymous_10)
FNDA:0,(anonymous_11)
FNDA:0,(anonymous_12)
FNDA:0,(anonymous_13)
FNDA:0,(anonymous_14)
FNDA:0,(anonymous_15)
FNDA:0,(anonymous_16)
FNDA:0,(anonymous_17)
FNDA:0,(anonymous_18)
FNDA:0,(anonymous_19)
DA:5,0
DA:6,0
DA:9,0
DA:10,0
DA:13,0
DA:14,0
DA:16,0
DA:19,0
DA:23,0
DA:25,0
DA:28,0
DA:29,0
DA:31,0
DA:34,0
DA:35,0
DA:37,0
DA:40,0
DA:41,0
DA:43,0
DA:46,0
DA:47,0
DA:50,0
DA:51,0
DA:53,0
DA:56,0
DA:57,0
DA:61,0
LF:27
LH:0
BRF:0
BRH:0
end_of_record
TN:
SF:src/shared/components/Footer/footer.tsx
FN:8,(anonymous_0)
FN:18,(anonymous_1)
FN:23,Footer
FNF:3
FNH:0
FNDA:0,(anonymous_0)
FNDA:0,(anonymous_1)
FNDA:0,Footer
DA:6,0
DA:8,0
DA:13,0
DA:17,0
DA:18,0
DA:24,0
LF:6
LH:0
BRF:0
BRH:0
end_of_record
TN:
SF:src/shared/components/InputButtons/AddButton.tsx
FN:28,AddButton
FNF:1
FNH:0
FNDA:0,AddButton
DA:9,0
DA:29,0
LF:2
LH:0
BRF:0
BRH:0
end_of_record
TN:
SF:src/shared/components/Masks/ValueMask.tsx
FN:20,(anonymous_0)
FN:33,(anonymous_1)
FN:94,(anonymous_2)
FNF:3
FNH:3
FNDA:9,(anonymous_0)
FNDA:4,(anonymous_1)
FNDA:4,(anonymous_2)
DA:20,1
DA:21,9
DA:31,9
DA:33,9
DA:34,4
DA:35,0
DA:38,4
DA:39,4
DA:41,4
DA:43,1
DA:44,1
DA:46,1
DA:47,1
DA:49,1
DA:51,3
DA:53,1
DA:54,1
DA:56,1
DA:58,1
DA:60,1
DA:63,2
DA:65,2
DA:66,2
DA:68,2
DA:69,2
DA:70,2
DA:71,2
DA:72,2
DA:74,2
DA:77,0
DA:78,0
DA:79,0
DA:81,0
DA:82,0
DA:83,0
DA:84,0
DA:86,0
DA:89,0
DA:94,9
DA:95,4
DA:96,4
DA:98,4
DA:101,9
LF:43
LH:33
BRDA:34,0,0,0
BRDA:34,0,1,4
BRDA:41,1,0,1
BRDA:41,1,1,3
BRDA:41,2,0,4
BRDA:41,2,1,3
BRDA:46,3,0,1
BRDA:46,3,1,0
BRDA:47,4,0,1
BRDA:47,4,1,0
BRDA:47,5,0,1
BRDA:47,5,1,0
BRDA:47,6,0,1
BRDA:47,6,1,0
BRDA:51,7,0,1
BRDA:51,7,1,2
BRDA:51,8,0,3
BRDA:51,8,1,2
BRDA:56,9,0,1
BRDA:56,9,1,0
BRDA:58,10,0,1
BRDA:58,10,1,0
BRDA:58,11,0,1
BRDA:58,11,1,0
BRDA:63,12,0,2
BRDA:63,12,1,0
BRDA:63,13,0,2
BRDA:63,13,1,1
BRDA:68,14,0,2
BRDA:68,14,1,0
BRDA:69,15,0,2
BRDA:69,15,1,0
BRDA:70,16,0,2
BRDA:70,16,1,0
BRDA:71,17,0,2
BRDA:71,17,1,0
BRDA:77,18,0,0
BRDA:77,18,1,0
BRDA:77,19,0,0
BRDA:77,19,1,0
BRDA:81,20,0,0
BRDA:81,20,1,0
BRDA:82,21,0,0
BRDA:82,21,1,0
BRDA:83,22,0,0
BRDA:83,22,1,0
BRDA:84,23,0,0
BRDA:84,23,1,0
BRF:48
BRH:23
end_of_record
TN:
SF:src/shared/components/Navbar/navbar.tsx
FN:10,(anonymous_0)
FN:30,(anonymous_1)
FN:37,(anonymous_2)
FN:38,(anonymous_3)
FN:44,(anonymous_4)
FN:50,Navbar
FN:74,(anonymous_6)
FN:79,(anonymous_7)
FNF:8
FNH:0
FNDA:0,(anonymous_0)
FNDA:0,(anonymous_1)
FNDA:0,(anonymous_2)
FNDA:0,(anonymous_3)
FNDA:0,(anonymous_4)
FNDA:0,Navbar
FNDA:0,(anonymous_6)
FNDA:0,(anonymous_7)
DA:7,0
DA:10,0
DA:16,0
DA:23,0
DA:29,0
DA:30,0
DA:37,0
DA:39,0
DA:44,0
DA:51,0
DA:52,0
DA:54,0
DA:69,0
DA:75,0
DA:79,0
LF:15
LH:0
BRDA:39,0,0,0
BRDA:39,0,1,0
BRDA:86,1,0,0
BRDA:86,1,1,0
BRDA:87,2,0,0
BRDA:87,2,1,0
BRF:6
BRH:0
end_of_record
TN:
SF:src/shared/components/NavbarLogada/navbarLogada.tsx
FN:8,(anonymous_0)
FN:21,(anonymous_1)
FN:43,(anonymous_2)
FN:51,(anonymous_3)
FN:66,Navbarlog
FNF:5
FNH:5
FNDA:12,(anonymous_0)
FNDA:12,(anonymous_1)
FNDA:12,(anonymous_2)
FNDA:12,(anonymous_3)
FNDA:12,Navbarlog
DA:5,1
DA:8,12
DA:20,1
DA:21,12
DA:31,1
DA:37,1
DA:42,1
DA:43,12
DA:50,1
DA:51,12
DA:59,1
DA:67,12
LF:12
LH:12
BRF:0
BRH:0
end_of_record
TN:
SF:src/shared/components/PrimaryButton/PrimaryButton.tsx
FN:16,(anonymous_0)
FN:17,(anonymous_1)
FN:25,PrimaryButton
FNF:3
FNH:3
FNDA:15,(anonymous_0)
FNDA:15,(anonymous_1)
FNDA:15,PrimaryButton
DA:10,1
DA:16,15
DA:17,15
DA:26,15
LF:4
LH:4
BRF:0
BRH:0
end_of_record
TN:
SF:src/shared/components/Sidebar/sidebar.tsx
FN:19,(anonymous_0)
FN:29,(anonymous_1)
FN:30,(anonymous_2)
FN:31,(anonymous_3)
FN:32,(anonymous_4)
FN:53,Sidebar
FN:135,(anonymous_6)
FN:145,(anonymous_7)
FNF:8
FNH:7
FNDA:60,(anonymous_0)
FNDA:60,(anonymous_1)
FNDA:60,(anonymous_2)
FNDA:60,(anonymous_3)
FNDA:60,(anonymous_4)
FNDA:12,Sidebar
FNDA:0,(anonymous_6)
FNDA:60,(anonymous_7)
DA:12,1
DA:19,60
DA:29,60
DA:30,60
DA:31,60
DA:32,60
DA:35,1
DA:43,1
DA:54,12
DA:55,12
DA:56,12
DA:58,12
DA:136,0
DA:137,0
DA:142,12
DA:146,60
LF:16
LH:14
BRDA:29,0,0,60
BRDA:29,0,1,12
BRDA:30,1,0,12
BRDA:30,1,1,48
BRDA:31,2,0,12
BRDA:31,2,1,48
BRDA:32,3,0,60
BRDA:32,3,1,12
BRDA:65,4,0,12
BRDA:65,4,1,0
BRDA:76,5,0,0
BRDA:76,5,1,12
BRDA:87,6,0,0
BRDA:87,6,1,12
BRDA:109,7,0,0
BRDA:109,7,1,12
BRDA:131,8,0,0
BRDA:131,8,1,12
BRF:18
BRH:13
end_of_record
TN:
SF:src/shared/components/Style/style.tsx
FN:3,(anonymous_0)
FN:7,(anonymous_1)
FN:12,(anonymous_2)
FN:21,(anonymous_3)
FN:32,(anonymous_4)
FN:42,(anonymous_5)
FN:52,(anonymous_6)
FNF:7
FNH:7
FNDA:1,(anonymous_0)
FNDA:12,(anonymous_1)
FNDA:1,(anonymous_2)
FNDA:1,(anonymous_3)
FNDA:1,(anonymous_4)
FNDA:1,(anonymous_5)
FNDA:1,(anonymous_6)
DA:3,1
DA:4,1
DA:7,12
DA:12,1
DA:13,1
DA:21,1
DA:22,1
DA:32,1
DA:33,1
DA:42,1
DA:43,1
DA:52,1
DA:53,1
LF:13
LH:13
BRF:0
BRH:0
end_of_record
TN:
SF:src/shared/components/TablePagination/tablePagination.tsx
FN:9,TablePagination
FNF:1
FNH:1
FNDA:12,TablePagination
DA:10,12
LF:1
LH:1
BRF:0
BRH:0
end_of_record
TN:
SF:src/shared/components/Title/Title.tsx
FN:9,(anonymous_0)
FN:10,(anonymous_1)
FN:11,(anonymous_2)
FNF:3
FNH:0
FNDA:0,(anonymous_0)
FNDA:0,(anonymous_1)
FNDA:0,(anonymous_2)
DA:8,0
DA:9,0
DA:10,0
DA:11,0
LF:4
LH:0
BRF:0
BRH:0
end_of_record
TN:
SF:src/shared/validations/removeSpecialCharacters.tsx
FN:1,removeSpecialCharacters
FNF:1
FNH:1
FNDA:5,removeSpecialCharacters
DA:2,5
DA:3,4
DA:5,1
LF:3
LH:3
BRDA:2,0,0,4
BRDA:2,0,1,1
BRDA:2,1,0,5
BRDA:2,1,1,1
BRF:4
BRH:4
end_of_record
TN:
SF:src/shared/validations/validarCPF.tsx
FN:3,(anonymous_0)
FN:45,(anonymous_1)
FNF:2
FNH:2
FNDA:2,(anonymous_0)
FNDA:2,(anonymous_1)
DA:3,1
DA:4,2
DA:7,2
DA:8,0
DA:12,2
DA:13,0
DA:17,2
DA:18,2
DA:19,18
DA:21,2
DA:22,2
DA:23,0
DA:25,2
DA:26,0
DA:30,2
DA:31,2
DA:32,20
DA:34,2
DA:35,2
DA:36,0
DA:38,2
DA:39,0
DA:42,2
DA:45,1
DA:47,2
DA:48,2
DA:49,0
DA:50,0
DA:52,2
LF:29
LH:21
BRDA:7,0,0,0
BRDA:7,0,1,2
BRDA:12,1,0,0
BRDA:12,1,1,2
BRDA:22,2,0,0
BRDA:22,2,1,2
BRDA:22,3,0,2
BRDA:22,3,1,2
BRDA:25,4,0,0
BRDA:25,4,1,2
BRDA:35,5,0,0
BRDA:35,5,1,2
BRDA:35,6,0,2
BRDA:35,6,1,2
BRDA:38,7,0,0
BRDA:38,7,1,2
BRDA:48,8,0,0
BRDA:48,8,1,2
BRF:18
BRH:11
end_of_record
TN:
SF:src/shared/validations/validarDataNascimento.tsx
FN:3,(anonymous_0)
FN:28,(anonymous_1)
FNF:2
FNH:2
FNDA:2,(anonymous_0)
FNDA:2,(anonymous_1)
DA:3,1
DA:4,2
DA:5,2
DA:6,0
DA:7,0
DA:9,2
DA:11,2
DA:12,0
DA:13,0
DA:15,2
DA:16,2
DA:17,2
DA:22,0
DA:23,0
DA:25,2
DA:28,1
DA:29,2
DA:30,2
DA:31,2
DA:32,2
DA:33,2
DA:37,1
DA:39,2
DA:40,0
DA:41,0
DA:43,2
LF:26
LH:18
BRDA:5,0,0,0
BRDA:5,0,1,2
BRDA:11,1,0,0
BRDA:11,1,1,2
BRDA:17,2,0,0
BRDA:17,2,1,2
BRDA:18,3,0,2
BRDA:18,3,1,2
BRDA:18,3,2,2
BRDA:33,4,0,1
BRDA:33,4,1,1
BRDA:34,5,0,2
BRDA:34,5,1,1
BRDA:34,5,2,0
BRDA:39,6,0,0
BRDA:39,6,1,2
BRF:16
BRH:11
end_of_record
TN:
SF:src/shared/validations/validarEmail.tsx
FN:4,(anonymous_0)
FNF:1
FNH:1
FNDA:2,(anonymous_0)
DA:4,1
DA:5,2
DA:6,2
DA:7,0
DA:8,0
DA:10,2
LF:6
LH:4
BRDA:6,0,0,0
BRDA:6,0,1,2
BRF:2
BRH:1
end_of_record
TN:
SF:src/shared/validations/validarLogin.tsx
FN:3,(anonymous_0)
FNF:1
FNH:1
FNDA:1,(anonymous_0)
DA:3,1
DA:4,1
DA:5,0
DA:6,0
DA:8,1
LF:5
LH:3
BRDA:4,0,0,0
BRDA:4,0,1,1
BRF:2
BRH:1
end_of_record
TN:
SF:src/shared/validations/validarNome.tsx
FN:3,(anonymous_0)
FNF:1
FNH:1
FNDA:2,(anonymous_0)
DA:3,1
DA:4,2
DA:5,0
DA:6,0
DA:8,2
LF:5
LH:3
BRDA:4,0,0,0
BRDA:4,0,1,2
BRF:2
BRH:1
end_of_record
TN:
SF:src/shared/validations/validarSenha.tsx
FN:3,(anonymous_0)
FNF:1
FNH:1
FNDA:1,(anonymous_0)
DA:3,1
DA:4,1
DA:5,0
DA:6,0
DA:8,1
LF:5
LH:3
BRDA:4,0,0,0
BRDA:4,0,1,1
BRF:2
BRH:1
end_of_record
TN:
SF:src/styles/theme.ts
FNF:0
FNH:0
DA:1,1
LF:1
LH:1
BRF:0
BRH:0
end_of_record
